1758090262829|84|statement|connection 0|url jdbc:p6spy:mysql://localhost:3306/chdidongg|SELECT nv.idTk, tk.HOTEN, nv.GIOITINH, tk.SDT, tk.EMAIL, NV.NGAYSINH, tk.USERNAME, nv.DIACHI, nv.TINHTRANG FROM nhanvien nv JOIN taikhoan tk ON nv.idTK = tk.idTK|SELECT nv.idTk, tk.HOTEN, nv.GIOITINH, tk.SDT, tk.EMAIL, NV.NGAYSINH, tk.USERNAME, nv.DIACHI, nv.TINHTRANG FROM nhanvien nv JOIN taikhoan tk ON nv.idTK = tk.idTK
1758090278649|57|statement|connection 0|url jdbc:p6spy:mysql://localhost:3306/chdidongg|SELECT nv.idTk, tk.HOTEN, nv.GIOITINH, tk.SDT, tk.EMAIL, NV.NGAYSINH, tk.USERNAME, nv.DIACHI, nv.TINHTRANG FROM nhanvien nv JOIN taikhoan tk ON nv.idTK = tk.idTK|SELECT nv.idTk, tk.HOTEN, nv.GIOITINH, tk.SDT, tk.EMAIL, NV.NGAYSINH, tk.USERNAME, nv.DIACHI, nv.TINHTRANG FROM nhanvien nv JOIN taikhoan tk ON nv.idTK = tk.idTK
1758090497185|51|statement|connection 0|url jdbc:p6spy:mysql://localhost:3306/chdidongg|SELECT nv.idTk, tk.HOTEN, nv.GIOITINH, tk.SDT, tk.EMAIL, NV.NGAYSINH, tk.USERNAME, nv.DIACHI, nv.TINHTRANG FROM nhanvien nv JOIN taikhoan tk ON nv.idTK = tk.idTK|SELECT nv.idTk, tk.HOTEN, nv.GIOITINH, tk.SDT, tk.EMAIL, NV.NGAYSINH, tk.USERNAME, nv.DIACHI, nv.TINHTRANG FROM nhanvien nv JOIN taikhoan tk ON nv.idTK = tk.idTK
1758090514785|53|statement|connection 0|url jdbc:p6spy:mysql://localhost:3306/chdidongg|SELECT nv.idTk, tk.HOTEN, nv.GIOITINH, tk.SDT, tk.EMAIL, NV.NGAYSINH, tk.USERNAME, nv.DIACHI, nv.TINHTRANG FROM nhanvien nv JOIN taikhoan tk ON nv.idTK = tk.idTK|SELECT nv.idTk, tk.HOTEN, nv.GIOITINH, tk.SDT, tk.EMAIL, NV.NGAYSINH, tk.USERNAME, nv.DIACHI, nv.TINHTRANG FROM nhanvien nv JOIN taikhoan tk ON nv.idTK = tk.idTK
1758090547492|50|statement|connection 0|url jdbc:p6spy:mysql://localhost:3306/chdidongg|SELECT * FROM taikhoan|SELECT * FROM taikhoan
1758090868766|57|statement|connection 0|url jdbc:p6spy:mysql://localhost:3306/chdidongg|SELECT nv.idTk, tk.HOTEN, nv.GIOITINH, tk.SDT, tk.EMAIL, NV.NGAYSINH, tk.USERNAME, nv.DIACHI, nv.TINHTRANG FROM nhanvien nv JOIN taikhoan tk ON nv.idTK = tk.idTK|SELECT nv.idTk, tk.HOTEN, nv.GIOITINH, tk.SDT, tk.EMAIL, NV.NGAYSINH, tk.USERNAME, nv.DIACHI, nv.TINHTRANG FROM nhanvien nv JOIN taikhoan tk ON nv.idTK = tk.idTK
1758091232283|60|statement|connection 0|url jdbc:p6spy:mysql://localhost:3306/chdidongg|SELECT nv.idTk, tk.HOTEN, nv.GIOITINH, tk.SDT, tk.EMAIL, NV.NGAYSINH, tk.USERNAME, nv.DIACHI, nv.TINHTRANG FROM nhanvien nv JOIN taikhoan tk ON nv.idTK = tk.idTK|SELECT nv.idTk, tk.HOTEN, nv.GIOITINH, tk.SDT, tk.EMAIL, NV.NGAYSINH, tk.USERNAME, nv.DIACHI, nv.TINHTRANG FROM nhanvien nv JOIN taikhoan tk ON nv.idTK = tk.idTK
1758091242810|63|statement|connection 0|url jdbc:p6spy:mysql://localhost:3306/chdidongg|SELECT * FROM taikhoan|SELECT * FROM taikhoan
1758091267519|58|statement|connection 0|url jdbc:p6spy:mysql://localhost:3306/chdidongg|SELECT * FROM danhmuc|SELECT * FROM danhmuc
1758177698218|119|statement|connection 0|url jdbc:p6spy:mysql://localhost:3306/chdidongg|SELECT nv.idTk, tk.HOTEN, nv.GIOITINH, tk.SDT, tk.EMAIL, NV.NGAYSINH, tk.USERNAME, nv.DIACHI, nv.TINHTRANG FROM nhanvien nv JOIN taikhoan tk ON nv.idTK = tk.idTK|SELECT nv.idTk, tk.HOTEN, nv.GIOITINH, tk.SDT, tk.EMAIL, NV.NGAYSINH, tk.USERNAME, nv.DIACHI, nv.TINHTRANG FROM nhanvien nv JOIN taikhoan tk ON nv.idTK = tk.idTK
1758177698227|127|statement|connection 0|url jdbc:p6spy:mysql://localhost:3306/chdidongg|SELECT nv.idTk, tk.HOTEN, nv.GIOITINH, tk.SDT, tk.EMAIL, NV.NGAYSINH, tk.USERNAME, nv.DIACHI, nv.TINHTRANG FROM nhanvien nv JOIN taikhoan tk ON nv.idTK = tk.idTK|SELECT nv.idTk, tk.HOTEN, nv.GIOITINH, tk.SDT, tk.EMAIL, NV.NGAYSINH, tk.USERNAME, nv.DIACHI, nv.TINHTRANG FROM nhanvien nv JOIN taikhoan tk ON nv.idTK = tk.idTK
1758266687261|30|statement|connection 0|url jdbc:p6spy:mysql://localhost:3306/chdidongg|SELECT * FROM hang|SELECT * FROM hang
1758267101943|34|statement|connection 0|url jdbc:p6spy:mysql://localhost:3306/chdidongg|SELECT nv.idTk, tk.HOTEN, nv.GIOITINH, tk.SDT, tk.EMAIL, NV.NGAYSINH, tk.USERNAME, nv.DIACHI, q.LUONG, nv.TINHTRANG FROM nhanvien nv JOIN taikhoan tk ON nv.idTK = tk.idTK JOIN quyen q ON tk.idQUYEN = q.idQUYEN|SELECT nv.idTk, tk.HOTEN, nv.GIOITINH, tk.SDT, tk.EMAIL, NV.NGAYSINH, tk.USERNAME, nv.DIACHI, q.LUONG, nv.TINHTRANG FROM nhanvien nv JOIN taikhoan tk ON nv.idTK = tk.idTK JOIN quyen q ON tk.idQUYEN = q.idQUYEN
1758267136589|28|statement|connection 0|url jdbc:p6spy:mysql://localhost:3306/chdidongg|SELECT nv.idTk, tk.HOTEN, nv.GIOITINH, tk.SDT, tk.EMAIL, NV.NGAYSINH, tk.USERNAME, nv.DIACHI, q.LUONG, nv.TINHTRANG FROM nhanvien nv JOIN taikhoan tk ON nv.idTK = tk.idTK JOIN quyen q ON tk.idQUYEN = q.idQUYEN|SELECT nv.idTk, tk.HOTEN, nv.GIOITINH, tk.SDT, tk.EMAIL, NV.NGAYSINH, tk.USERNAME, nv.DIACHI, q.LUONG, nv.TINHTRANG FROM nhanvien nv JOIN taikhoan tk ON nv.idTK = tk.idTK JOIN quyen q ON tk.idQUYEN = q.idQUYEN
1758268769318|29|statement|connection 0|url jdbc:p6spy:mysql://localhost:3306/chdidongg|SELECT * FROM khachhang|SELECT * FROM khachhang
1758614952424|32|statement|connection 0|url jdbc:p6spy:mysql://localhost:3306/chdidongg|SELECT q.idQUYEN, q.TENQUYEN, q.LUONG, cn.idCN, cn.TENCN, q.TRANGTHAI FROM quyen q JOIN chucnang cn ON q.idQUYEN = cn.idCN|SELECT q.idQUYEN, q.TENQUYEN, q.LUONG, cn.idCN, cn.TENCN, q.TRANGTHAI FROM quyen q JOIN chucnang cn ON q.idQUYEN = cn.idCN
1758615049657|32|statement|connection 0|url jdbc:p6spy:mysql://localhost:3306/chdidongg|SELECT q.idQUYEN, q.TENQUYEN, q.LUONG, cn.idCN, cn.TENCN, q.TRANGTHAI FROM quyen q JOIN chucnang cn ON q.idQUYEN = cn.idCN|SELECT q.idQUYEN, q.TENQUYEN, q.LUONG, cn.idCN, cn.TENCN, q.TRANGTHAI FROM quyen q JOIN chucnang cn ON q.idQUYEN = cn.idCN
1758615269426|28|statement|connection 0|url jdbc:p6spy:mysql://localhost:3306/chdidongg|SELECT * FROM quyen|SELECT * FROM quyen
1758615345287|29|statement|connection 0|url jdbc:p6spy:mysql://localhost:3306/chdidongg|SELECT * FROM quyen|SELECT * FROM quyen
1758615398275|27|statement|connection 0|url jdbc:p6spy:mysql://localhost:3306/chdidongg|SELECT * FROM quyen|SELECT * FROM quyen
1758615484872|26|statement|connection 0|url jdbc:p6spy:mysql://localhost:3306/chdidongg|SELECT TENQUYEN FROM quyen|SELECT TENQUYEN FROM quyen
1758615736366|31|statement|connection 0|url jdbc:p6spy:mysql://localhost:3306/chdidongg|SELECT q.TENQUYEN FROM quyen q JOIN chucnang cn ON q.idQUYEN = cn.idCN|SELECT q.TENQUYEN FROM quyen q JOIN chucnang cn ON q.idQUYEN = cn.idCN
1758615781713|31|statement|connection 0|url jdbc:p6spy:mysql://localhost:3306/chdidongg|SELECT q.TENQUYEN, cn.TENCN FROM quyen q JOIN chucnang cn|SELECT q.TENQUYEN, cn.TENCN FROM quyen q JOIN chucnang cn
1758616052255|27|statement|connection 0|url jdbc:p6spy:mysql://localhost:3306/chdidongg|SELECT TENQUYEN FROM quyen|SELECT TENQUYEN FROM quyen
1758616073152|33|statement|connection 0|url jdbc:p6spy:mysql://localhost:3306/chdidongg|SELECT TENQUYEN FROM quyen|SELECT TENQUYEN FROM quyen
1758616073165|3|statement|connection 1|url jdbc:p6spy:mysql://localhost:3306/chdidongg|SELECT TENCN FROM chucnang|SELECT TENCN FROM chucnang
1758616513842|31|statement|connection 0|url jdbc:p6spy:mysql://localhost:3306/chdidongg|SELECT TENQUYEN FROM quyen|SELECT TENQUYEN FROM quyen
1758616513856|3|statement|connection 1|url jdbc:p6spy:mysql://localhost:3306/chdidongg|SELECT TENCN FROM chucnang|SELECT TENCN FROM chucnang
1758616694826|30|statement|connection 0|url jdbc:p6spy:mysql://localhost:3306/chdidongg|SELECT TENQUYEN FROM quyen|SELECT TENQUYEN FROM quyen
1758616694842|0|statement|connection 1|url jdbc:p6spy:mysql://localhost:3306/chdidongg|SELECT TENCN FROM chucnang|SELECT TENCN FROM chucnang
1758617849221|30|statement|connection 0|url jdbc:p6spy:mysql://localhost:3306/chdidongg|SELECT TENQUYEN FROM quyen|SELECT TENQUYEN FROM quyen
1758617849231|0|statement|connection 1|url jdbc:p6spy:mysql://localhost:3306/chdidongg|SELECT TENCN FROM chucnang|SELECT TENCN FROM chucnang
1758617849602|0|statement|connection 2|url jdbc:p6spy:mysql://localhost:3306/chdidongg|SELECT TENQUYEN FROM quyen|SELECT TENQUYEN FROM quyen
1758617849605|0|statement|connection 3|url jdbc:p6spy:mysql://localhost:3306/chdidongg|SELECT TENCN FROM chucnang|SELECT TENCN FROM chucnang
1758617849829|0|statement|connection 4|url jdbc:p6spy:mysql://localhost:3306/chdidongg|SELECT TENQUYEN FROM quyen|SELECT TENQUYEN FROM quyen
1758617849831|0|statement|connection 5|url jdbc:p6spy:mysql://localhost:3306/chdidongg|SELECT TENCN FROM chucnang|SELECT TENCN FROM chucnang
1758678492309|46|statement|connection 0|url jdbc:p6spy:mysql://localhost:3306/chdidongg|SELECT idQUYEN, TENQUYEN FROM quyen|SELECT idQUYEN, TENQUYEN FROM quyen
1758678492334|0|statement|connection 1|url jdbc:p6spy:mysql://localhost:3306/chdidongg|SELECT idCN, TENCN FROM chucnang|SELECT idCN, TENCN FROM chucnang
1758678575168|56|statement|connection 0|url jdbc:p6spy:mysql://localhost:3306/chdidongg|SELECT idQUYEN, TENQUYEN FROM quyen|SELECT idQUYEN, TENQUYEN FROM quyen
1758678575185|0|statement|connection 1|url jdbc:p6spy:mysql://localhost:3306/chdidongg|SELECT idCN, TENCN FROM chucnang|SELECT idCN, TENCN FROM chucnang
1758678628330|53|statement|connection 0|url jdbc:p6spy:mysql://localhost:3306/chdidongg|SELECT idQUYEN, TENQUYEN FROM quyen|SELECT idQUYEN, TENQUYEN FROM quyen
1758678628349|1|statement|connection 1|url jdbc:p6spy:mysql://localhost:3306/chdidongg|SELECT idCN, TENCN FROM chucnang|SELECT idCN, TENCN FROM chucnang
1758678679687|61|statement|connection 0|url jdbc:p6spy:mysql://localhost:3306/chdidongg|SELECT idQUYEN, TENQUYEN FROM quyen|SELECT idQUYEN, TENQUYEN FROM quyen
1758678679703|0|statement|connection 1|url jdbc:p6spy:mysql://localhost:3306/chdidongg|SELECT idCN, TENCN FROM chucnang|SELECT idCN, TENCN FROM chucnang
1758678682556|0|statement|connection 2|url jdbc:p6spy:mysql://localhost:3306/chdidongg|SELECT idQUYEN, TENQUYEN FROM quyen|SELECT idQUYEN, TENQUYEN FROM quyen
1758678682560|0|statement|connection 3|url jdbc:p6spy:mysql://localhost:3306/chdidongg|SELECT idCN, TENCN FROM chucnang|SELECT idCN, TENCN FROM chucnang
1758678685203|0|statement|connection 4|url jdbc:p6spy:mysql://localhost:3306/chdidongg|SELECT idQUYEN, TENQUYEN FROM quyen|SELECT idQUYEN, TENQUYEN FROM quyen
1758678685207|0|statement|connection 5|url jdbc:p6spy:mysql://localhost:3306/chdidongg|SELECT idCN, TENCN FROM chucnang|SELECT idCN, TENCN FROM chucnang
1758678702040|44|statement|connection 0|url jdbc:p6spy:mysql://localhost:3306/chdidongg|SELECT idQUYEN, TENQUYEN FROM quyen|SELECT idQUYEN, TENQUYEN FROM quyen
1758678702056|1|statement|connection 1|url jdbc:p6spy:mysql://localhost:3306/chdidongg|SELECT idCN, TENCN FROM chucnang|SELECT idCN, TENCN FROM chucnang
1758678864335|40|statement|connection 0|url jdbc:p6spy:mysql://localhost:3306/chdidongg|SELECT idQUYEN, TENQUYEN FROM quyen|SELECT idQUYEN, TENQUYEN FROM quyen
1758678864351|0|statement|connection 1|url jdbc:p6spy:mysql://localhost:3306/chdidongg|SELECT idCN, TENCN FROM chucnang|SELECT idCN, TENCN FROM chucnang
1758678915124|43|statement|connection 0|url jdbc:p6spy:mysql://localhost:3306/chdidongg|SELECT idQUYEN, TENQUYEN FROM quyen|SELECT idQUYEN, TENQUYEN FROM quyen
1758678915142|1|statement|connection 1|url jdbc:p6spy:mysql://localhost:3306/chdidongg|SELECT idCN, TENCN FROM chucnang|SELECT idCN, TENCN FROM chucnang
1758678939632|55|statement|connection 0|url jdbc:p6spy:mysql://localhost:3306/chdidongg|SELECT idQUYEN, TENQUYEN FROM quyen|SELECT idQUYEN, TENQUYEN FROM quyen
1758678939650|0|statement|connection 1|url jdbc:p6spy:mysql://localhost:3306/chdidongg|SELECT idCN, TENCN FROM chucnang|SELECT idCN, TENCN FROM chucnang
1758679163287|46|statement|connection 0|url jdbc:p6spy:mysql://localhost:3306/chdidongg|SELECT idQUYEN, TENQUYEN FROM quyen|SELECT idQUYEN, TENQUYEN FROM quyen
1758679163304|0|statement|connection 1|url jdbc:p6spy:mysql://localhost:3306/chdidongg|SELECT idCN, TENCN FROM chucnang|SELECT idCN, TENCN FROM chucnang
1758679298919|46|statement|connection 0|url jdbc:p6spy:mysql://localhost:3306/chdidongg|SELECT idQUYEN, TENQUYEN FROM quyen|SELECT idQUYEN, TENQUYEN FROM quyen
1758679298933|1|statement|connection 1|url jdbc:p6spy:mysql://localhost:3306/chdidongg|SELECT idCN, TENCN FROM chucnang|SELECT idCN, TENCN FROM chucnang
1758679301129|0|statement|connection 2|url jdbc:p6spy:mysql://localhost:3306/chdidongg|SELECT idQUYEN, TENQUYEN FROM quyen|SELECT idQUYEN, TENQUYEN FROM quyen
1758679301133|0|statement|connection 3|url jdbc:p6spy:mysql://localhost:3306/chdidongg|SELECT idCN, TENCN FROM chucnang|SELECT idCN, TENCN FROM chucnang
1758679531805|50|statement|connection 0|url jdbc:p6spy:mysql://localhost:3306/chdidongg|SELECT idQUYEN, TENQUYEN FROM quyen|SELECT idQUYEN, TENQUYEN FROM quyen
1758679531823|1|statement|connection 1|url jdbc:p6spy:mysql://localhost:3306/chdidongg|SELECT idCN, TENCN FROM chucnang|SELECT idCN, TENCN FROM chucnang
1758679732133|48|statement|connection 0|url jdbc:p6spy:mysql://localhost:3306/chdidongg|SELECT idQUYEN, TENQUYEN FROM quyen|SELECT idQUYEN, TENQUYEN FROM quyen
1758679732150|0|statement|connection 1|url jdbc:p6spy:mysql://localhost:3306/chdidongg|SELECT idCN, TENCN FROM chucnang|SELECT idCN, TENCN FROM chucnang
1758680542081|43|statement|connection 0|url jdbc:p6spy:mysql://localhost:3306/chdidongg|SELECT idQUYEN, TENQUYEN FROM quyen|SELECT idQUYEN, TENQUYEN FROM quyen
1758680542099|0|statement|connection 1|url jdbc:p6spy:mysql://localhost:3306/chdidongg|SELECT idCN, TENCN FROM chucnang|SELECT idCN, TENCN FROM chucnang
1758680741201|37|statement|connection 0|url jdbc:p6spy:mysql://localhost:3306/chdidongg|SELECT idQUYEN, TENQUYEN FROM quyen|SELECT idQUYEN, TENQUYEN FROM quyen
1758680741216|0|statement|connection 1|url jdbc:p6spy:mysql://localhost:3306/chdidongg|SELECT idCN, TENCN FROM chucnang|SELECT idCN, TENCN FROM chucnang
1758681331060|30|statement|connection 0|url jdbc:p6spy:mysql://localhost:3306/chdidongg|SELECT idQUYEN, TENQUYEN FROM quyen|SELECT idQUYEN, TENQUYEN FROM quyen
1758681331070|0|statement|connection 1|url jdbc:p6spy:mysql://localhost:3306/chdidongg|SELECT idCN, TENCN FROM chucnang|SELECT idCN, TENCN FROM chucnang
1758681331075|0|statement|connection 2|url jdbc:p6spy:mysql://localhost:3306/chdidongg|SELECT 1 FROM phanquyen WHERE idQUYEN = ? AND idCN = ?|SELECT 1 FROM phanquyen WHERE idQUYEN = 1 AND idCN = 1
1758681331079|0|statement|connection 3|url jdbc:p6spy:mysql://localhost:3306/chdidongg|SELECT 1 FROM phanquyen WHERE idQUYEN = ? AND idCN = ?|SELECT 1 FROM phanquyen WHERE idQUYEN = 2 AND idCN = 1
1758681331082|0|statement|connection 4|url jdbc:p6spy:mysql://localhost:3306/chdidongg|SELECT 1 FROM phanquyen WHERE idQUYEN = ? AND idCN = ?|SELECT 1 FROM phanquyen WHERE idQUYEN = 3 AND idCN = 1
1758681331087|0|statement|connection 5|url jdbc:p6spy:mysql://localhost:3306/chdidongg|SELECT 1 FROM phanquyen WHERE idQUYEN = ? AND idCN = ?|SELECT 1 FROM phanquyen WHERE idQUYEN = 1 AND idCN = 2
1758681331090|0|statement|connection 6|url jdbc:p6spy:mysql://localhost:3306/chdidongg|SELECT 1 FROM phanquyen WHERE idQUYEN = ? AND idCN = ?|SELECT 1 FROM phanquyen WHERE idQUYEN = 2 AND idCN = 2
1758681331094|0|statement|connection 7|url jdbc:p6spy:mysql://localhost:3306/chdidongg|SELECT 1 FROM phanquyen WHERE idQUYEN = ? AND idCN = ?|SELECT 1 FROM phanquyen WHERE idQUYEN = 3 AND idCN = 2
1758681331097|0|statement|connection 8|url jdbc:p6spy:mysql://localhost:3306/chdidongg|SELECT 1 FROM phanquyen WHERE idQUYEN = ? AND idCN = ?|SELECT 1 FROM phanquyen WHERE idQUYEN = 1 AND idCN = 3
1758681331100|0|statement|connection 9|url jdbc:p6spy:mysql://localhost:3306/chdidongg|SELECT 1 FROM phanquyen WHERE idQUYEN = ? AND idCN = ?|SELECT 1 FROM phanquyen WHERE idQUYEN = 2 AND idCN = 3
1758681331104|0|statement|connection 10|url jdbc:p6spy:mysql://localhost:3306/chdidongg|SELECT 1 FROM phanquyen WHERE idQUYEN = ? AND idCN = ?|SELECT 1 FROM phanquyen WHERE idQUYEN = 3 AND idCN = 3
1758681331108|0|statement|connection 11|url jdbc:p6spy:mysql://localhost:3306/chdidongg|SELECT 1 FROM phanquyen WHERE idQUYEN = ? AND idCN = ?|SELECT 1 FROM phanquyen WHERE idQUYEN = 1 AND idCN = 4
1758681331112|0|statement|connection 12|url jdbc:p6spy:mysql://localhost:3306/chdidongg|SELECT 1 FROM phanquyen WHERE idQUYEN = ? AND idCN = ?|SELECT 1 FROM phanquyen WHERE idQUYEN = 2 AND idCN = 4
1758681331115|0|statement|connection 13|url jdbc:p6spy:mysql://localhost:3306/chdidongg|SELECT 1 FROM phanquyen WHERE idQUYEN = ? AND idCN = ?|SELECT 1 FROM phanquyen WHERE idQUYEN = 3 AND idCN = 4
1758681331118|0|statement|connection 14|url jdbc:p6spy:mysql://localhost:3306/chdidongg|SELECT 1 FROM phanquyen WHERE idQUYEN = ? AND idCN = ?|SELECT 1 FROM phanquyen WHERE idQUYEN = 1 AND idCN = 5
1758681331122|0|statement|connection 15|url jdbc:p6spy:mysql://localhost:3306/chdidongg|SELECT 1 FROM phanquyen WHERE idQUYEN = ? AND idCN = ?|SELECT 1 FROM phanquyen WHERE idQUYEN = 2 AND idCN = 5
1758681331125|0|statement|connection 16|url jdbc:p6spy:mysql://localhost:3306/chdidongg|SELECT 1 FROM phanquyen WHERE idQUYEN = ? AND idCN = ?|SELECT 1 FROM phanquyen WHERE idQUYEN = 3 AND idCN = 5
1758681331129|0|statement|connection 17|url jdbc:p6spy:mysql://localhost:3306/chdidongg|SELECT 1 FROM phanquyen WHERE idQUYEN = ? AND idCN = ?|SELECT 1 FROM phanquyen WHERE idQUYEN = 1 AND idCN = 6
1758681331133|0|statement|connection 18|url jdbc:p6spy:mysql://localhost:3306/chdidongg|SELECT 1 FROM phanquyen WHERE idQUYEN = ? AND idCN = ?|SELECT 1 FROM phanquyen WHERE idQUYEN = 2 AND idCN = 6
1758681331137|0|statement|connection 19|url jdbc:p6spy:mysql://localhost:3306/chdidongg|SELECT 1 FROM phanquyen WHERE idQUYEN = ? AND idCN = ?|SELECT 1 FROM phanquyen WHERE idQUYEN = 3 AND idCN = 6
1758681331140|0|statement|connection 20|url jdbc:p6spy:mysql://localhost:3306/chdidongg|SELECT 1 FROM phanquyen WHERE idQUYEN = ? AND idCN = ?|SELECT 1 FROM phanquyen WHERE idQUYEN = 1 AND idCN = 7
1758681331143|0|statement|connection 21|url jdbc:p6spy:mysql://localhost:3306/chdidongg|SELECT 1 FROM phanquyen WHERE idQUYEN = ? AND idCN = ?|SELECT 1 FROM phanquyen WHERE idQUYEN = 2 AND idCN = 7
1758681331146|0|statement|connection 22|url jdbc:p6spy:mysql://localhost:3306/chdidongg|SELECT 1 FROM phanquyen WHERE idQUYEN = ? AND idCN = ?|SELECT 1 FROM phanquyen WHERE idQUYEN = 3 AND idCN = 7
1758681331149|0|statement|connection 23|url jdbc:p6spy:mysql://localhost:3306/chdidongg|SELECT 1 FROM phanquyen WHERE idQUYEN = ? AND idCN = ?|SELECT 1 FROM phanquyen WHERE idQUYEN = 1 AND idCN = 8
1758681331152|0|statement|connection 24|url jdbc:p6spy:mysql://localhost:3306/chdidongg|SELECT 1 FROM phanquyen WHERE idQUYEN = ? AND idCN = ?|SELECT 1 FROM phanquyen WHERE idQUYEN = 2 AND idCN = 8
1758681331156|0|statement|connection 25|url jdbc:p6spy:mysql://localhost:3306/chdidongg|SELECT 1 FROM phanquyen WHERE idQUYEN = ? AND idCN = ?|SELECT 1 FROM phanquyen WHERE idQUYEN = 3 AND idCN = 8
1758681331159|0|statement|connection 26|url jdbc:p6spy:mysql://localhost:3306/chdidongg|SELECT 1 FROM phanquyen WHERE idQUYEN = ? AND idCN = ?|SELECT 1 FROM phanquyen WHERE idQUYEN = 1 AND idCN = 10
1758681331163|0|statement|connection 27|url jdbc:p6spy:mysql://localhost:3306/chdidongg|SELECT 1 FROM phanquyen WHERE idQUYEN = ? AND idCN = ?|SELECT 1 FROM phanquyen WHERE idQUYEN = 2 AND idCN = 10
1758681331167|0|statement|connection 28|url jdbc:p6spy:mysql://localhost:3306/chdidongg|SELECT 1 FROM phanquyen WHERE idQUYEN = ? AND idCN = ?|SELECT 1 FROM phanquyen WHERE idQUYEN = 3 AND idCN = 10
1758681331170|0|statement|connection 29|url jdbc:p6spy:mysql://localhost:3306/chdidongg|SELECT 1 FROM phanquyen WHERE idQUYEN = ? AND idCN = ?|SELECT 1 FROM phanquyen WHERE idQUYEN = 1 AND idCN = 11
1758681331173|0|statement|connection 30|url jdbc:p6spy:mysql://localhost:3306/chdidongg|SELECT 1 FROM phanquyen WHERE idQUYEN = ? AND idCN = ?|SELECT 1 FROM phanquyen WHERE idQUYEN = 2 AND idCN = 11
1758681331177|0|statement|connection 31|url jdbc:p6spy:mysql://localhost:3306/chdidongg|SELECT 1 FROM phanquyen WHERE idQUYEN = ? AND idCN = ?|SELECT 1 FROM phanquyen WHERE idQUYEN = 3 AND idCN = 11
1758681371109|27|statement|connection 0|url jdbc:p6spy:mysql://localhost:3306/chdidongg|SELECT idQUYEN, TENQUYEN FROM quyen|SELECT idQUYEN, TENQUYEN FROM quyen
1758681371121|0|statement|connection 1|url jdbc:p6spy:mysql://localhost:3306/chdidongg|SELECT idCN, TENCN FROM chucnang|SELECT idCN, TENCN FROM chucnang
1758681371125|0|statement|connection 2|url jdbc:p6spy:mysql://localhost:3306/chdidongg|SELECT 1 FROM phanquyen WHERE idQUYEN = ? AND idCN = ?|SELECT 1 FROM phanquyen WHERE idQUYEN = 1 AND idCN = 1
1758681371129|0|statement|connection 3|url jdbc:p6spy:mysql://localhost:3306/chdidongg|SELECT 1 FROM phanquyen WHERE idQUYEN = ? AND idCN = ?|SELECT 1 FROM phanquyen WHERE idQUYEN = 2 AND idCN = 1
1758681371132|0|statement|connection 4|url jdbc:p6spy:mysql://localhost:3306/chdidongg|SELECT 1 FROM phanquyen WHERE idQUYEN = ? AND idCN = ?|SELECT 1 FROM phanquyen WHERE idQUYEN = 3 AND idCN = 1
1758681371135|0|statement|connection 5|url jdbc:p6spy:mysql://localhost:3306/chdidongg|SELECT 1 FROM phanquyen WHERE idQUYEN = ? AND idCN = ?|SELECT 1 FROM phanquyen WHERE idQUYEN = 1 AND idCN = 2
1758681371139|0|statement|connection 6|url jdbc:p6spy:mysql://localhost:3306/chdidongg|SELECT 1 FROM phanquyen WHERE idQUYEN = ? AND idCN = ?|SELECT 1 FROM phanquyen WHERE idQUYEN = 2 AND idCN = 2
1758681371143|0|statement|connection 7|url jdbc:p6spy:mysql://localhost:3306/chdidongg|SELECT 1 FROM phanquyen WHERE idQUYEN = ? AND idCN = ?|SELECT 1 FROM phanquyen WHERE idQUYEN = 3 AND idCN = 2
1758681371146|0|statement|connection 8|url jdbc:p6spy:mysql://localhost:3306/chdidongg|SELECT 1 FROM phanquyen WHERE idQUYEN = ? AND idCN = ?|SELECT 1 FROM phanquyen WHERE idQUYEN = 1 AND idCN = 3
1758681371149|0|statement|connection 9|url jdbc:p6spy:mysql://localhost:3306/chdidongg|SELECT 1 FROM phanquyen WHERE idQUYEN = ? AND idCN = ?|SELECT 1 FROM phanquyen WHERE idQUYEN = 2 AND idCN = 3
1758681371153|0|statement|connection 10|url jdbc:p6spy:mysql://localhost:3306/chdidongg|SELECT 1 FROM phanquyen WHERE idQUYEN = ? AND idCN = ?|SELECT 1 FROM phanquyen WHERE idQUYEN = 3 AND idCN = 3
1758681371156|0|statement|connection 11|url jdbc:p6spy:mysql://localhost:3306/chdidongg|SELECT 1 FROM phanquyen WHERE idQUYEN = ? AND idCN = ?|SELECT 1 FROM phanquyen WHERE idQUYEN = 1 AND idCN = 4
1758681371160|0|statement|connection 12|url jdbc:p6spy:mysql://localhost:3306/chdidongg|SELECT 1 FROM phanquyen WHERE idQUYEN = ? AND idCN = ?|SELECT 1 FROM phanquyen WHERE idQUYEN = 2 AND idCN = 4
1758681371164|0|statement|connection 13|url jdbc:p6spy:mysql://localhost:3306/chdidongg|SELECT 1 FROM phanquyen WHERE idQUYEN = ? AND idCN = ?|SELECT 1 FROM phanquyen WHERE idQUYEN = 3 AND idCN = 4
1758681371166|0|statement|connection 14|url jdbc:p6spy:mysql://localhost:3306/chdidongg|SELECT 1 FROM phanquyen WHERE idQUYEN = ? AND idCN = ?|SELECT 1 FROM phanquyen WHERE idQUYEN = 1 AND idCN = 5
1758681371170|0|statement|connection 15|url jdbc:p6spy:mysql://localhost:3306/chdidongg|SELECT 1 FROM phanquyen WHERE idQUYEN = ? AND idCN = ?|SELECT 1 FROM phanquyen WHERE idQUYEN = 2 AND idCN = 5
1758681371173|0|statement|connection 16|url jdbc:p6spy:mysql://localhost:3306/chdidongg|SELECT 1 FROM phanquyen WHERE idQUYEN = ? AND idCN = ?|SELECT 1 FROM phanquyen WHERE idQUYEN = 3 AND idCN = 5
1758681371177|0|statement|connection 17|url jdbc:p6spy:mysql://localhost:3306/chdidongg|SELECT 1 FROM phanquyen WHERE idQUYEN = ? AND idCN = ?|SELECT 1 FROM phanquyen WHERE idQUYEN = 1 AND idCN = 6
1758681371180|0|statement|connection 18|url jdbc:p6spy:mysql://localhost:3306/chdidongg|SELECT 1 FROM phanquyen WHERE idQUYEN = ? AND idCN = ?|SELECT 1 FROM phanquyen WHERE idQUYEN = 2 AND idCN = 6
1758681371183|0|statement|connection 19|url jdbc:p6spy:mysql://localhost:3306/chdidongg|SELECT 1 FROM phanquyen WHERE idQUYEN = ? AND idCN = ?|SELECT 1 FROM phanquyen WHERE idQUYEN = 3 AND idCN = 6
1758681371186|0|statement|connection 20|url jdbc:p6spy:mysql://localhost:3306/chdidongg|SELECT 1 FROM phanquyen WHERE idQUYEN = ? AND idCN = ?|SELECT 1 FROM phanquyen WHERE idQUYEN = 1 AND idCN = 7
1758681371190|0|statement|connection 21|url jdbc:p6spy:mysql://localhost:3306/chdidongg|SELECT 1 FROM phanquyen WHERE idQUYEN = ? AND idCN = ?|SELECT 1 FROM phanquyen WHERE idQUYEN = 2 AND idCN = 7
1758681371192|0|statement|connection 22|url jdbc:p6spy:mysql://localhost:3306/chdidongg|SELECT 1 FROM phanquyen WHERE idQUYEN = ? AND idCN = ?|SELECT 1 FROM phanquyen WHERE idQUYEN = 3 AND idCN = 7
1758681371195|0|statement|connection 23|url jdbc:p6spy:mysql://localhost:3306/chdidongg|SELECT 1 FROM phanquyen WHERE idQUYEN = ? AND idCN = ?|SELECT 1 FROM phanquyen WHERE idQUYEN = 1 AND idCN = 8
1758681371198|0|statement|connection 24|url jdbc:p6spy:mysql://localhost:3306/chdidongg|SELECT 1 FROM phanquyen WHERE idQUYEN = ? AND idCN = ?|SELECT 1 FROM phanquyen WHERE idQUYEN = 2 AND idCN = 8
1758681371201|0|statement|connection 25|url jdbc:p6spy:mysql://localhost:3306/chdidongg|SELECT 1 FROM phanquyen WHERE idQUYEN = ? AND idCN = ?|SELECT 1 FROM phanquyen WHERE idQUYEN = 3 AND idCN = 8
1758681371205|0|statement|connection 26|url jdbc:p6spy:mysql://localhost:3306/chdidongg|SELECT 1 FROM phanquyen WHERE idQUYEN = ? AND idCN = ?|SELECT 1 FROM phanquyen WHERE idQUYEN = 1 AND idCN = 10
1758681371208|0|statement|connection 27|url jdbc:p6spy:mysql://localhost:3306/chdidongg|SELECT 1 FROM phanquyen WHERE idQUYEN = ? AND idCN = ?|SELECT 1 FROM phanquyen WHERE idQUYEN = 2 AND idCN = 10
1758681371211|0|statement|connection 28|url jdbc:p6spy:mysql://localhost:3306/chdidongg|SELECT 1 FROM phanquyen WHERE idQUYEN = ? AND idCN = ?|SELECT 1 FROM phanquyen WHERE idQUYEN = 3 AND idCN = 10
1758681371214|0|statement|connection 29|url jdbc:p6spy:mysql://localhost:3306/chdidongg|SELECT 1 FROM phanquyen WHERE idQUYEN = ? AND idCN = ?|SELECT 1 FROM phanquyen WHERE idQUYEN = 1 AND idCN = 11
1758681371217|0|statement|connection 30|url jdbc:p6spy:mysql://localhost:3306/chdidongg|SELECT 1 FROM phanquyen WHERE idQUYEN = ? AND idCN = ?|SELECT 1 FROM phanquyen WHERE idQUYEN = 2 AND idCN = 11
1758681371221|0|statement|connection 31|url jdbc:p6spy:mysql://localhost:3306/chdidongg|SELECT 1 FROM phanquyen WHERE idQUYEN = ? AND idCN = ?|SELECT 1 FROM phanquyen WHERE idQUYEN = 3 AND idCN = 11
1758681906846|28|statement|connection 0|url jdbc:p6spy:mysql://localhost:3306/chdidongg|SELECT idQUYEN, TENQUYEN FROM quyen|SELECT idQUYEN, TENQUYEN FROM quyen
1758681906856|0|statement|connection 1|url jdbc:p6spy:mysql://localhost:3306/chdidongg|SELECT idCN, TENCN FROM chucnang|SELECT idCN, TENCN FROM chucnang
1758681906861|0|statement|connection 2|url jdbc:p6spy:mysql://localhost:3306/chdidongg|SELECT 1 FROM phanquyen WHERE idQUYEN = ? AND idCN = ?|SELECT 1 FROM phanquyen WHERE idQUYEN = 1 AND idCN = 1
1758681906864|0|statement|connection 3|url jdbc:p6spy:mysql://localhost:3306/chdidongg|SELECT 1 FROM phanquyen WHERE idQUYEN = ? AND idCN = ?|SELECT 1 FROM phanquyen WHERE idQUYEN = 2 AND idCN = 1
1758681906868|0|statement|connection 4|url jdbc:p6spy:mysql://localhost:3306/chdidongg|SELECT 1 FROM phanquyen WHERE idQUYEN = ? AND idCN = ?|SELECT 1 FROM phanquyen WHERE idQUYEN = 3 AND idCN = 1
1758681906872|0|statement|connection 5|url jdbc:p6spy:mysql://localhost:3306/chdidongg|SELECT 1 FROM phanquyen WHERE idQUYEN = ? AND idCN = ?|SELECT 1 FROM phanquyen WHERE idQUYEN = 1 AND idCN = 2
1758681906876|0|statement|connection 6|url jdbc:p6spy:mysql://localhost:3306/chdidongg|SELECT 1 FROM phanquyen WHERE idQUYEN = ? AND idCN = ?|SELECT 1 FROM phanquyen WHERE idQUYEN = 2 AND idCN = 2
1758681906879|0|statement|connection 7|url jdbc:p6spy:mysql://localhost:3306/chdidongg|SELECT 1 FROM phanquyen WHERE idQUYEN = ? AND idCN = ?|SELECT 1 FROM phanquyen WHERE idQUYEN = 3 AND idCN = 2
1758681906883|0|statement|connection 8|url jdbc:p6spy:mysql://localhost:3306/chdidongg|SELECT 1 FROM phanquyen WHERE idQUYEN = ? AND idCN = ?|SELECT 1 FROM phanquyen WHERE idQUYEN = 1 AND idCN = 3
1758681906886|0|statement|connection 9|url jdbc:p6spy:mysql://localhost:3306/chdidongg|SELECT 1 FROM phanquyen WHERE idQUYEN = ? AND idCN = ?|SELECT 1 FROM phanquyen WHERE idQUYEN = 2 AND idCN = 3
1758681906889|0|statement|connection 10|url jdbc:p6spy:mysql://localhost:3306/chdidongg|SELECT 1 FROM phanquyen WHERE idQUYEN = ? AND idCN = ?|SELECT 1 FROM phanquyen WHERE idQUYEN = 3 AND idCN = 3
1758681906893|0|statement|connection 11|url jdbc:p6spy:mysql://localhost:3306/chdidongg|SELECT 1 FROM phanquyen WHERE idQUYEN = ? AND idCN = ?|SELECT 1 FROM phanquyen WHERE idQUYEN = 1 AND idCN = 4
1758681906897|0|statement|connection 12|url jdbc:p6spy:mysql://localhost:3306/chdidongg|SELECT 1 FROM phanquyen WHERE idQUYEN = ? AND idCN = ?|SELECT 1 FROM phanquyen WHERE idQUYEN = 2 AND idCN = 4
1758681906899|0|statement|connection 13|url jdbc:p6spy:mysql://localhost:3306/chdidongg|SELECT 1 FROM phanquyen WHERE idQUYEN = ? AND idCN = ?|SELECT 1 FROM phanquyen WHERE idQUYEN = 3 AND idCN = 4
1758681906902|0|statement|connection 14|url jdbc:p6spy:mysql://localhost:3306/chdidongg|SELECT 1 FROM phanquyen WHERE idQUYEN = ? AND idCN = ?|SELECT 1 FROM phanquyen WHERE idQUYEN = 1 AND idCN = 5
1758681906906|0|statement|connection 15|url jdbc:p6spy:mysql://localhost:3306/chdidongg|SELECT 1 FROM phanquyen WHERE idQUYEN = ? AND idCN = ?|SELECT 1 FROM phanquyen WHERE idQUYEN = 2 AND idCN = 5
1758681906908|0|statement|connection 16|url jdbc:p6spy:mysql://localhost:3306/chdidongg|SELECT 1 FROM phanquyen WHERE idQUYEN = ? AND idCN = ?|SELECT 1 FROM phanquyen WHERE idQUYEN = 3 AND idCN = 5
1758681906911|0|statement|connection 17|url jdbc:p6spy:mysql://localhost:3306/chdidongg|SELECT 1 FROM phanquyen WHERE idQUYEN = ? AND idCN = ?|SELECT 1 FROM phanquyen WHERE idQUYEN = 1 AND idCN = 6
1758681906914|0|statement|connection 18|url jdbc:p6spy:mysql://localhost:3306/chdidongg|SELECT 1 FROM phanquyen WHERE idQUYEN = ? AND idCN = ?|SELECT 1 FROM phanquyen WHERE idQUYEN = 2 AND idCN = 6
1758681906917|0|statement|connection 19|url jdbc:p6spy:mysql://localhost:3306/chdidongg|SELECT 1 FROM phanquyen WHERE idQUYEN = ? AND idCN = ?|SELECT 1 FROM phanquyen WHERE idQUYEN = 3 AND idCN = 6
1758681906920|0|statement|connection 20|url jdbc:p6spy:mysql://localhost:3306/chdidongg|SELECT 1 FROM phanquyen WHERE idQUYEN = ? AND idCN = ?|SELECT 1 FROM phanquyen WHERE idQUYEN = 1 AND idCN = 7
1758681906923|0|statement|connection 21|url jdbc:p6spy:mysql://localhost:3306/chdidongg|SELECT 1 FROM phanquyen WHERE idQUYEN = ? AND idCN = ?|SELECT 1 FROM phanquyen WHERE idQUYEN = 2 AND idCN = 7
1758681906926|0|statement|connection 22|url jdbc:p6spy:mysql://localhost:3306/chdidongg|SELECT 1 FROM phanquyen WHERE idQUYEN = ? AND idCN = ?|SELECT 1 FROM phanquyen WHERE idQUYEN = 3 AND idCN = 7
1758681906928|0|statement|connection 23|url jdbc:p6spy:mysql://localhost:3306/chdidongg|SELECT 1 FROM phanquyen WHERE idQUYEN = ? AND idCN = ?|SELECT 1 FROM phanquyen WHERE idQUYEN = 1 AND idCN = 8
1758681906931|0|statement|connection 24|url jdbc:p6spy:mysql://localhost:3306/chdidongg|SELECT 1 FROM phanquyen WHERE idQUYEN = ? AND idCN = ?|SELECT 1 FROM phanquyen WHERE idQUYEN = 2 AND idCN = 8
1758681906935|0|statement|connection 25|url jdbc:p6spy:mysql://localhost:3306/chdidongg|SELECT 1 FROM phanquyen WHERE idQUYEN = ? AND idCN = ?|SELECT 1 FROM phanquyen WHERE idQUYEN = 3 AND idCN = 8
1758681906938|0|statement|connection 26|url jdbc:p6spy:mysql://localhost:3306/chdidongg|SELECT 1 FROM phanquyen WHERE idQUYEN = ? AND idCN = ?|SELECT 1 FROM phanquyen WHERE idQUYEN = 1 AND idCN = 10
1758681906941|0|statement|connection 27|url jdbc:p6spy:mysql://localhost:3306/chdidongg|SELECT 1 FROM phanquyen WHERE idQUYEN = ? AND idCN = ?|SELECT 1 FROM phanquyen WHERE idQUYEN = 2 AND idCN = 10
1758681906944|0|statement|connection 28|url jdbc:p6spy:mysql://localhost:3306/chdidongg|SELECT 1 FROM phanquyen WHERE idQUYEN = ? AND idCN = ?|SELECT 1 FROM phanquyen WHERE idQUYEN = 3 AND idCN = 10
1758681906947|0|statement|connection 29|url jdbc:p6spy:mysql://localhost:3306/chdidongg|SELECT 1 FROM phanquyen WHERE idQUYEN = ? AND idCN = ?|SELECT 1 FROM phanquyen WHERE idQUYEN = 1 AND idCN = 11
1758681906949|0|statement|connection 30|url jdbc:p6spy:mysql://localhost:3306/chdidongg|SELECT 1 FROM phanquyen WHERE idQUYEN = ? AND idCN = ?|SELECT 1 FROM phanquyen WHERE idQUYEN = 2 AND idCN = 11
1758681906953|0|statement|connection 31|url jdbc:p6spy:mysql://localhost:3306/chdidongg|SELECT 1 FROM phanquyen WHERE idQUYEN = ? AND idCN = ?|SELECT 1 FROM phanquyen WHERE idQUYEN = 3 AND idCN = 11
1758681981399|29|statement|connection 0|url jdbc:p6spy:mysql://localhost:3306/chdidongg|SELECT idQUYEN, TENQUYEN FROM quyen|SELECT idQUYEN, TENQUYEN FROM quyen
1758681981411|0|statement|connection 1|url jdbc:p6spy:mysql://localhost:3306/chdidongg|SELECT idCN, TENCN FROM chucnang|SELECT idCN, TENCN FROM chucnang
1758681981416|0|statement|connection 2|url jdbc:p6spy:mysql://localhost:3306/chdidongg|SELECT 1 FROM phanquyen WHERE idQUYEN = ? AND idCN = ?|SELECT 1 FROM phanquyen WHERE idQUYEN = 1 AND idCN = 1
1758681981420|0|statement|connection 3|url jdbc:p6spy:mysql://localhost:3306/chdidongg|SELECT 1 FROM phanquyen WHERE idQUYEN = ? AND idCN = ?|SELECT 1 FROM phanquyen WHERE idQUYEN = 2 AND idCN = 1
1758681981423|0|statement|connection 4|url jdbc:p6spy:mysql://localhost:3306/chdidongg|SELECT 1 FROM phanquyen WHERE idQUYEN = ? AND idCN = ?|SELECT 1 FROM phanquyen WHERE idQUYEN = 3 AND idCN = 1
1758681981427|0|statement|connection 5|url jdbc:p6spy:mysql://localhost:3306/chdidongg|SELECT 1 FROM phanquyen WHERE idQUYEN = ? AND idCN = ?|SELECT 1 FROM phanquyen WHERE idQUYEN = 1 AND idCN = 2
1758681981430|0|statement|connection 6|url jdbc:p6spy:mysql://localhost:3306/chdidongg|SELECT 1 FROM phanquyen WHERE idQUYEN = ? AND idCN = ?|SELECT 1 FROM phanquyen WHERE idQUYEN = 2 AND idCN = 2
1758681981434|0|statement|connection 7|url jdbc:p6spy:mysql://localhost:3306/chdidongg|SELECT 1 FROM phanquyen WHERE idQUYEN = ? AND idCN = ?|SELECT 1 FROM phanquyen WHERE idQUYEN = 3 AND idCN = 2
1758681981437|0|statement|connection 8|url jdbc:p6spy:mysql://localhost:3306/chdidongg|SELECT 1 FROM phanquyen WHERE idQUYEN = ? AND idCN = ?|SELECT 1 FROM phanquyen WHERE idQUYEN = 1 AND idCN = 3
1758681981441|0|statement|connection 9|url jdbc:p6spy:mysql://localhost:3306/chdidongg|SELECT 1 FROM phanquyen WHERE idQUYEN = ? AND idCN = ?|SELECT 1 FROM phanquyen WHERE idQUYEN = 2 AND idCN = 3
1758681981444|0|statement|connection 10|url jdbc:p6spy:mysql://localhost:3306/chdidongg|SELECT 1 FROM phanquyen WHERE idQUYEN = ? AND idCN = ?|SELECT 1 FROM phanquyen WHERE idQUYEN = 3 AND idCN = 3
1758681981448|0|statement|connection 11|url jdbc:p6spy:mysql://localhost:3306/chdidongg|SELECT 1 FROM phanquyen WHERE idQUYEN = ? AND idCN = ?|SELECT 1 FROM phanquyen WHERE idQUYEN = 1 AND idCN = 4
1758681981452|0|statement|connection 12|url jdbc:p6spy:mysql://localhost:3306/chdidongg|SELECT 1 FROM phanquyen WHERE idQUYEN = ? AND idCN = ?|SELECT 1 FROM phanquyen WHERE idQUYEN = 2 AND idCN = 4
1758681981455|0|statement|connection 13|url jdbc:p6spy:mysql://localhost:3306/chdidongg|SELECT 1 FROM phanquyen WHERE idQUYEN = ? AND idCN = ?|SELECT 1 FROM phanquyen WHERE idQUYEN = 3 AND idCN = 4
1758681981457|0|statement|connection 14|url jdbc:p6spy:mysql://localhost:3306/chdidongg|SELECT 1 FROM phanquyen WHERE idQUYEN = ? AND idCN = ?|SELECT 1 FROM phanquyen WHERE idQUYEN = 1 AND idCN = 5
1758681981461|0|statement|connection 15|url jdbc:p6spy:mysql://localhost:3306/chdidongg|SELECT 1 FROM phanquyen WHERE idQUYEN = ? AND idCN = ?|SELECT 1 FROM phanquyen WHERE idQUYEN = 2 AND idCN = 5
1758681981463|0|statement|connection 16|url jdbc:p6spy:mysql://localhost:3306/chdidongg|SELECT 1 FROM phanquyen WHERE idQUYEN = ? AND idCN = ?|SELECT 1 FROM phanquyen WHERE idQUYEN = 3 AND idCN = 5
1758681981467|0|statement|connection 17|url jdbc:p6spy:mysql://localhost:3306/chdidongg|SELECT 1 FROM phanquyen WHERE idQUYEN = ? AND idCN = ?|SELECT 1 FROM phanquyen WHERE idQUYEN = 1 AND idCN = 6
1758681981470|0|statement|connection 18|url jdbc:p6spy:mysql://localhost:3306/chdidongg|SELECT 1 FROM phanquyen WHERE idQUYEN = ? AND idCN = ?|SELECT 1 FROM phanquyen WHERE idQUYEN = 2 AND idCN = 6
1758681981473|0|statement|connection 19|url jdbc:p6spy:mysql://localhost:3306/chdidongg|SELECT 1 FROM phanquyen WHERE idQUYEN = ? AND idCN = ?|SELECT 1 FROM phanquyen WHERE idQUYEN = 3 AND idCN = 6
1758681981476|0|statement|connection 20|url jdbc:p6spy:mysql://localhost:3306/chdidongg|SELECT 1 FROM phanquyen WHERE idQUYEN = ? AND idCN = ?|SELECT 1 FROM phanquyen WHERE idQUYEN = 1 AND idCN = 7
1758681981479|0|statement|connection 21|url jdbc:p6spy:mysql://localhost:3306/chdidongg|SELECT 1 FROM phanquyen WHERE idQUYEN = ? AND idCN = ?|SELECT 1 FROM phanquyen WHERE idQUYEN = 2 AND idCN = 7
1758681981482|0|statement|connection 22|url jdbc:p6spy:mysql://localhost:3306/chdidongg|SELECT 1 FROM phanquyen WHERE idQUYEN = ? AND idCN = ?|SELECT 1 FROM phanquyen WHERE idQUYEN = 3 AND idCN = 7
1758681981484|0|statement|connection 23|url jdbc:p6spy:mysql://localhost:3306/chdidongg|SELECT 1 FROM phanquyen WHERE idQUYEN = ? AND idCN = ?|SELECT 1 FROM phanquyen WHERE idQUYEN = 1 AND idCN = 8
1758681981487|0|statement|connection 24|url jdbc:p6spy:mysql://localhost:3306/chdidongg|SELECT 1 FROM phanquyen WHERE idQUYEN = ? AND idCN = ?|SELECT 1 FROM phanquyen WHERE idQUYEN = 2 AND idCN = 8
1758681981490|0|statement|connection 25|url jdbc:p6spy:mysql://localhost:3306/chdidongg|SELECT 1 FROM phanquyen WHERE idQUYEN = ? AND idCN = ?|SELECT 1 FROM phanquyen WHERE idQUYEN = 3 AND idCN = 8
1758681981493|0|statement|connection 26|url jdbc:p6spy:mysql://localhost:3306/chdidongg|SELECT 1 FROM phanquyen WHERE idQUYEN = ? AND idCN = ?|SELECT 1 FROM phanquyen WHERE idQUYEN = 1 AND idCN = 10
1758681981496|0|statement|connection 27|url jdbc:p6spy:mysql://localhost:3306/chdidongg|SELECT 1 FROM phanquyen WHERE idQUYEN = ? AND idCN = ?|SELECT 1 FROM phanquyen WHERE idQUYEN = 2 AND idCN = 10
1758681981499|0|statement|connection 28|url jdbc:p6spy:mysql://localhost:3306/chdidongg|SELECT 1 FROM phanquyen WHERE idQUYEN = ? AND idCN = ?|SELECT 1 FROM phanquyen WHERE idQUYEN = 3 AND idCN = 10
1758681981502|0|statement|connection 29|url jdbc:p6spy:mysql://localhost:3306/chdidongg|SELECT 1 FROM phanquyen WHERE idQUYEN = ? AND idCN = ?|SELECT 1 FROM phanquyen WHERE idQUYEN = 1 AND idCN = 11
1758681981505|0|statement|connection 30|url jdbc:p6spy:mysql://localhost:3306/chdidongg|SELECT 1 FROM phanquyen WHERE idQUYEN = ? AND idCN = ?|SELECT 1 FROM phanquyen WHERE idQUYEN = 2 AND idCN = 11
1758681981508|0|statement|connection 31|url jdbc:p6spy:mysql://localhost:3306/chdidongg|SELECT 1 FROM phanquyen WHERE idQUYEN = ? AND idCN = ?|SELECT 1 FROM phanquyen WHERE idQUYEN = 3 AND idCN = 11
1758682044245|29|statement|connection 0|url jdbc:p6spy:mysql://localhost:3306/chdidongg|SELECT idQUYEN, TENQUYEN FROM quyen|SELECT idQUYEN, TENQUYEN FROM quyen
1758682044257|0|statement|connection 1|url jdbc:p6spy:mysql://localhost:3306/chdidongg|SELECT idCN, TENCN FROM chucnang|SELECT idCN, TENCN FROM chucnang
1758682044262|0|statement|connection 2|url jdbc:p6spy:mysql://localhost:3306/chdidongg|SELECT 1 FROM phanquyen WHERE idQUYEN = ? AND idCN = ?|SELECT 1 FROM phanquyen WHERE idQUYEN = 1 AND idCN = 1
1758682044266|0|statement|connection 3|url jdbc:p6spy:mysql://localhost:3306/chdidongg|SELECT 1 FROM phanquyen WHERE idQUYEN = ? AND idCN = ?|SELECT 1 FROM phanquyen WHERE idQUYEN = 2 AND idCN = 1
1758682044269|0|statement|connection 4|url jdbc:p6spy:mysql://localhost:3306/chdidongg|SELECT 1 FROM phanquyen WHERE idQUYEN = ? AND idCN = ?|SELECT 1 FROM phanquyen WHERE idQUYEN = 3 AND idCN = 1
1758682044273|0|statement|connection 5|url jdbc:p6spy:mysql://localhost:3306/chdidongg|SELECT 1 FROM phanquyen WHERE idQUYEN = ? AND idCN = ?|SELECT 1 FROM phanquyen WHERE idQUYEN = 1 AND idCN = 2
1758682044276|0|statement|connection 6|url jdbc:p6spy:mysql://localhost:3306/chdidongg|SELECT 1 FROM phanquyen WHERE idQUYEN = ? AND idCN = ?|SELECT 1 FROM phanquyen WHERE idQUYEN = 2 AND idCN = 2
1758682044280|0|statement|connection 7|url jdbc:p6spy:mysql://localhost:3306/chdidongg|SELECT 1 FROM phanquyen WHERE idQUYEN = ? AND idCN = ?|SELECT 1 FROM phanquyen WHERE idQUYEN = 3 AND idCN = 2
1758682044283|0|statement|connection 8|url jdbc:p6spy:mysql://localhost:3306/chdidongg|SELECT 1 FROM phanquyen WHERE idQUYEN = ? AND idCN = ?|SELECT 1 FROM phanquyen WHERE idQUYEN = 1 AND idCN = 3
1758682044287|0|statement|connection 9|url jdbc:p6spy:mysql://localhost:3306/chdidongg|SELECT 1 FROM phanquyen WHERE idQUYEN = ? AND idCN = ?|SELECT 1 FROM phanquyen WHERE idQUYEN = 2 AND idCN = 3
1758682044290|0|statement|connection 10|url jdbc:p6spy:mysql://localhost:3306/chdidongg|SELECT 1 FROM phanquyen WHERE idQUYEN = ? AND idCN = ?|SELECT 1 FROM phanquyen WHERE idQUYEN = 3 AND idCN = 3
1758682044294|0|statement|connection 11|url jdbc:p6spy:mysql://localhost:3306/chdidongg|SELECT 1 FROM phanquyen WHERE idQUYEN = ? AND idCN = ?|SELECT 1 FROM phanquyen WHERE idQUYEN = 1 AND idCN = 4
1758682044298|0|statement|connection 12|url jdbc:p6spy:mysql://localhost:3306/chdidongg|SELECT 1 FROM phanquyen WHERE idQUYEN = ? AND idCN = ?|SELECT 1 FROM phanquyen WHERE idQUYEN = 2 AND idCN = 4
1758682044301|0|statement|connection 13|url jdbc:p6spy:mysql://localhost:3306/chdidongg|SELECT 1 FROM phanquyen WHERE idQUYEN = ? AND idCN = ?|SELECT 1 FROM phanquyen WHERE idQUYEN = 3 AND idCN = 4
1758682044303|0|statement|connection 14|url jdbc:p6spy:mysql://localhost:3306/chdidongg|SELECT 1 FROM phanquyen WHERE idQUYEN = ? AND idCN = ?|SELECT 1 FROM phanquyen WHERE idQUYEN = 1 AND idCN = 5
1758682044306|0|statement|connection 15|url jdbc:p6spy:mysql://localhost:3306/chdidongg|SELECT 1 FROM phanquyen WHERE idQUYEN = ? AND idCN = ?|SELECT 1 FROM phanquyen WHERE idQUYEN = 2 AND idCN = 5
1758682044309|0|statement|connection 16|url jdbc:p6spy:mysql://localhost:3306/chdidongg|SELECT 1 FROM phanquyen WHERE idQUYEN = ? AND idCN = ?|SELECT 1 FROM phanquyen WHERE idQUYEN = 3 AND idCN = 5
1758682044313|0|statement|connection 17|url jdbc:p6spy:mysql://localhost:3306/chdidongg|SELECT 1 FROM phanquyen WHERE idQUYEN = ? AND idCN = ?|SELECT 1 FROM phanquyen WHERE idQUYEN = 1 AND idCN = 6
1758682044316|0|statement|connection 18|url jdbc:p6spy:mysql://localhost:3306/chdidongg|SELECT 1 FROM phanquyen WHERE idQUYEN = ? AND idCN = ?|SELECT 1 FROM phanquyen WHERE idQUYEN = 2 AND idCN = 6
1758682044320|0|statement|connection 19|url jdbc:p6spy:mysql://localhost:3306/chdidongg|SELECT 1 FROM phanquyen WHERE idQUYEN = ? AND idCN = ?|SELECT 1 FROM phanquyen WHERE idQUYEN = 3 AND idCN = 6
1758682044323|0|statement|connection 20|url jdbc:p6spy:mysql://localhost:3306/chdidongg|SELECT 1 FROM phanquyen WHERE idQUYEN = ? AND idCN = ?|SELECT 1 FROM phanquyen WHERE idQUYEN = 1 AND idCN = 7
1758682044326|0|statement|connection 21|url jdbc:p6spy:mysql://localhost:3306/chdidongg|SELECT 1 FROM phanquyen WHERE idQUYEN = ? AND idCN = ?|SELECT 1 FROM phanquyen WHERE idQUYEN = 2 AND idCN = 7
1758682044329|0|statement|connection 22|url jdbc:p6spy:mysql://localhost:3306/chdidongg|SELECT 1 FROM phanquyen WHERE idQUYEN = ? AND idCN = ?|SELECT 1 FROM phanquyen WHERE idQUYEN = 3 AND idCN = 7
1758682044331|0|statement|connection 23|url jdbc:p6spy:mysql://localhost:3306/chdidongg|SELECT 1 FROM phanquyen WHERE idQUYEN = ? AND idCN = ?|SELECT 1 FROM phanquyen WHERE idQUYEN = 1 AND idCN = 8
1758682044334|0|statement|connection 24|url jdbc:p6spy:mysql://localhost:3306/chdidongg|SELECT 1 FROM phanquyen WHERE idQUYEN = ? AND idCN = ?|SELECT 1 FROM phanquyen WHERE idQUYEN = 2 AND idCN = 8
1758682044337|0|statement|connection 25|url jdbc:p6spy:mysql://localhost:3306/chdidongg|SELECT 1 FROM phanquyen WHERE idQUYEN = ? AND idCN = ?|SELECT 1 FROM phanquyen WHERE idQUYEN = 3 AND idCN = 8
1758682044341|0|statement|connection 26|url jdbc:p6spy:mysql://localhost:3306/chdidongg|SELECT 1 FROM phanquyen WHERE idQUYEN = ? AND idCN = ?|SELECT 1 FROM phanquyen WHERE idQUYEN = 1 AND idCN = 10
1758682044344|0|statement|connection 27|url jdbc:p6spy:mysql://localhost:3306/chdidongg|SELECT 1 FROM phanquyen WHERE idQUYEN = ? AND idCN = ?|SELECT 1 FROM phanquyen WHERE idQUYEN = 2 AND idCN = 10
1758682044347|0|statement|connection 28|url jdbc:p6spy:mysql://localhost:3306/chdidongg|SELECT 1 FROM phanquyen WHERE idQUYEN = ? AND idCN = ?|SELECT 1 FROM phanquyen WHERE idQUYEN = 3 AND idCN = 10
1758682044350|0|statement|connection 29|url jdbc:p6spy:mysql://localhost:3306/chdidongg|SELECT 1 FROM phanquyen WHERE idQUYEN = ? AND idCN = ?|SELECT 1 FROM phanquyen WHERE idQUYEN = 1 AND idCN = 11
1758682044352|0|statement|connection 30|url jdbc:p6spy:mysql://localhost:3306/chdidongg|SELECT 1 FROM phanquyen WHERE idQUYEN = ? AND idCN = ?|SELECT 1 FROM phanquyen WHERE idQUYEN = 2 AND idCN = 11
1758682044355|0|statement|connection 31|url jdbc:p6spy:mysql://localhost:3306/chdidongg|SELECT 1 FROM phanquyen WHERE idQUYEN = ? AND idCN = ?|SELECT 1 FROM phanquyen WHERE idQUYEN = 3 AND idCN = 11
1758697624365|30|statement|connection 0|url jdbc:p6spy:mysql://localhost:3306/chdidongg|SELECT idQUYEN, TENQUYEN FROM quyen|SELECT idQUYEN, TENQUYEN FROM quyen
1758697624378|0|statement|connection 1|url jdbc:p6spy:mysql://localhost:3306/chdidongg|SELECT idCN, TENCN FROM chucnang|SELECT idCN, TENCN FROM chucnang
1758697624383|1|statement|connection 2|url jdbc:p6spy:mysql://localhost:3306/chdidongg|SELECT 1 FROM phanquyen WHERE idQUYEN = ? AND idCN = ?|SELECT 1 FROM phanquyen WHERE idQUYEN = 1 AND idCN = 1
1758697624387|0|statement|connection 3|url jdbc:p6spy:mysql://localhost:3306/chdidongg|SELECT 1 FROM phanquyen WHERE idQUYEN = ? AND idCN = ?|SELECT 1 FROM phanquyen WHERE idQUYEN = 2 AND idCN = 1
1758697624391|0|statement|connection 4|url jdbc:p6spy:mysql://localhost:3306/chdidongg|SELECT 1 FROM phanquyen WHERE idQUYEN = ? AND idCN = ?|SELECT 1 FROM phanquyen WHERE idQUYEN = 3 AND idCN = 1
1758697624394|0|statement|connection 5|url jdbc:p6spy:mysql://localhost:3306/chdidongg|SELECT 1 FROM phanquyen WHERE idQUYEN = ? AND idCN = ?|SELECT 1 FROM phanquyen WHERE idQUYEN = 1 AND idCN = 2
1758697624397|0|statement|connection 6|url jdbc:p6spy:mysql://localhost:3306/chdidongg|SELECT 1 FROM phanquyen WHERE idQUYEN = ? AND idCN = ?|SELECT 1 FROM phanquyen WHERE idQUYEN = 2 AND idCN = 2
1758697624400|0|statement|connection 7|url jdbc:p6spy:mysql://localhost:3306/chdidongg|SELECT 1 FROM phanquyen WHERE idQUYEN = ? AND idCN = ?|SELECT 1 FROM phanquyen WHERE idQUYEN = 3 AND idCN = 2
1758697624403|0|statement|connection 8|url jdbc:p6spy:mysql://localhost:3306/chdidongg|SELECT 1 FROM phanquyen WHERE idQUYEN = ? AND idCN = ?|SELECT 1 FROM phanquyen WHERE idQUYEN = 1 AND idCN = 3
1758697624406|0|statement|connection 9|url jdbc:p6spy:mysql://localhost:3306/chdidongg|SELECT 1 FROM phanquyen WHERE idQUYEN = ? AND idCN = ?|SELECT 1 FROM phanquyen WHERE idQUYEN = 2 AND idCN = 3
1758697624409|0|statement|connection 10|url jdbc:p6spy:mysql://localhost:3306/chdidongg|SELECT 1 FROM phanquyen WHERE idQUYEN = ? AND idCN = ?|SELECT 1 FROM phanquyen WHERE idQUYEN = 3 AND idCN = 3
1758697624412|0|statement|connection 11|url jdbc:p6spy:mysql://localhost:3306/chdidongg|SELECT 1 FROM phanquyen WHERE idQUYEN = ? AND idCN = ?|SELECT 1 FROM phanquyen WHERE idQUYEN = 1 AND idCN = 4
1758697624414|0|statement|connection 12|url jdbc:p6spy:mysql://localhost:3306/chdidongg|SELECT 1 FROM phanquyen WHERE idQUYEN = ? AND idCN = ?|SELECT 1 FROM phanquyen WHERE idQUYEN = 2 AND idCN = 4
1758697624418|0|statement|connection 13|url jdbc:p6spy:mysql://localhost:3306/chdidongg|SELECT 1 FROM phanquyen WHERE idQUYEN = ? AND idCN = ?|SELECT 1 FROM phanquyen WHERE idQUYEN = 3 AND idCN = 4
1758697624421|0|statement|connection 14|url jdbc:p6spy:mysql://localhost:3306/chdidongg|SELECT 1 FROM phanquyen WHERE idQUYEN = ? AND idCN = ?|SELECT 1 FROM phanquyen WHERE idQUYEN = 1 AND idCN = 5
1758697624424|0|statement|connection 15|url jdbc:p6spy:mysql://localhost:3306/chdidongg|SELECT 1 FROM phanquyen WHERE idQUYEN = ? AND idCN = ?|SELECT 1 FROM phanquyen WHERE idQUYEN = 2 AND idCN = 5
1758697624426|0|statement|connection 16|url jdbc:p6spy:mysql://localhost:3306/chdidongg|SELECT 1 FROM phanquyen WHERE idQUYEN = ? AND idCN = ?|SELECT 1 FROM phanquyen WHERE idQUYEN = 3 AND idCN = 5
1758697624429|0|statement|connection 17|url jdbc:p6spy:mysql://localhost:3306/chdidongg|SELECT 1 FROM phanquyen WHERE idQUYEN = ? AND idCN = ?|SELECT 1 FROM phanquyen WHERE idQUYEN = 1 AND idCN = 6
1758697624432|0|statement|connection 18|url jdbc:p6spy:mysql://localhost:3306/chdidongg|SELECT 1 FROM phanquyen WHERE idQUYEN = ? AND idCN = ?|SELECT 1 FROM phanquyen WHERE idQUYEN = 2 AND idCN = 6
1758697624435|0|statement|connection 19|url jdbc:p6spy:mysql://localhost:3306/chdidongg|SELECT 1 FROM phanquyen WHERE idQUYEN = ? AND idCN = ?|SELECT 1 FROM phanquyen WHERE idQUYEN = 3 AND idCN = 6
1758697624437|0|statement|connection 20|url jdbc:p6spy:mysql://localhost:3306/chdidongg|SELECT 1 FROM phanquyen WHERE idQUYEN = ? AND idCN = ?|SELECT 1 FROM phanquyen WHERE idQUYEN = 1 AND idCN = 7
1758697624441|0|statement|connection 21|url jdbc:p6spy:mysql://localhost:3306/chdidongg|SELECT 1 FROM phanquyen WHERE idQUYEN = ? AND idCN = ?|SELECT 1 FROM phanquyen WHERE idQUYEN = 2 AND idCN = 7
1758697624444|0|statement|connection 22|url jdbc:p6spy:mysql://localhost:3306/chdidongg|SELECT 1 FROM phanquyen WHERE idQUYEN = ? AND idCN = ?|SELECT 1 FROM phanquyen WHERE idQUYEN = 3 AND idCN = 7
1758697624446|0|statement|connection 23|url jdbc:p6spy:mysql://localhost:3306/chdidongg|SELECT 1 FROM phanquyen WHERE idQUYEN = ? AND idCN = ?|SELECT 1 FROM phanquyen WHERE idQUYEN = 1 AND idCN = 8
1758697624449|0|statement|connection 24|url jdbc:p6spy:mysql://localhost:3306/chdidongg|SELECT 1 FROM phanquyen WHERE idQUYEN = ? AND idCN = ?|SELECT 1 FROM phanquyen WHERE idQUYEN = 2 AND idCN = 8
1758697624452|0|statement|connection 25|url jdbc:p6spy:mysql://localhost:3306/chdidongg|SELECT 1 FROM phanquyen WHERE idQUYEN = ? AND idCN = ?|SELECT 1 FROM phanquyen WHERE idQUYEN = 3 AND idCN = 8
1758697624455|0|statement|connection 26|url jdbc:p6spy:mysql://localhost:3306/chdidongg|SELECT 1 FROM phanquyen WHERE idQUYEN = ? AND idCN = ?|SELECT 1 FROM phanquyen WHERE idQUYEN = 1 AND idCN = 10
1758697624459|0|statement|connection 27|url jdbc:p6spy:mysql://localhost:3306/chdidongg|SELECT 1 FROM phanquyen WHERE idQUYEN = ? AND idCN = ?|SELECT 1 FROM phanquyen WHERE idQUYEN = 2 AND idCN = 10
1758697624462|0|statement|connection 28|url jdbc:p6spy:mysql://localhost:3306/chdidongg|SELECT 1 FROM phanquyen WHERE idQUYEN = ? AND idCN = ?|SELECT 1 FROM phanquyen WHERE idQUYEN = 3 AND idCN = 10
1758697624465|0|statement|connection 29|url jdbc:p6spy:mysql://localhost:3306/chdidongg|SELECT 1 FROM phanquyen WHERE idQUYEN = ? AND idCN = ?|SELECT 1 FROM phanquyen WHERE idQUYEN = 1 AND idCN = 11
1758697624468|0|statement|connection 30|url jdbc:p6spy:mysql://localhost:3306/chdidongg|SELECT 1 FROM phanquyen WHERE idQUYEN = ? AND idCN = ?|SELECT 1 FROM phanquyen WHERE idQUYEN = 2 AND idCN = 11
1758697624471|0|statement|connection 31|url jdbc:p6spy:mysql://localhost:3306/chdidongg|SELECT 1 FROM phanquyen WHERE idQUYEN = ? AND idCN = ?|SELECT 1 FROM phanquyen WHERE idQUYEN = 3 AND idCN = 11
1758697631564|0|statement|connection 32|url jdbc:p6spy:mysql://localhost:3306/chdidongg|SELECT 1 FROM phanquyen WHERE idQUYEN = ? AND idCN = ?|SELECT 1 FROM phanquyen WHERE idQUYEN = 1 AND idCN = 4
1758697631569|2|statement|connection 33|url jdbc:p6spy:mysql://localhost:3306/chdidongg|INSERT INTO phanquyen(idQUYEN, idCN) VALUES (?, ?)|INSERT INTO phanquyen(idQUYEN, idCN) VALUES (1, 4)
1758697639512|2|statement|connection 34|url jdbc:p6spy:mysql://localhost:3306/chdidongg|DELETE FROM phanquyen WHERE idQUYEN = ? AND idCN = ?|DELETE FROM phanquyen WHERE idQUYEN = 2 AND idCN = 2
1758697708973|33|statement|connection 0|url jdbc:p6spy:mysql://localhost:3306/chdidongg|SELECT idQUYEN, TENQUYEN FROM quyen|SELECT idQUYEN, TENQUYEN FROM quyen
1758697708984|0|statement|connection 1|url jdbc:p6spy:mysql://localhost:3306/chdidongg|SELECT idCN, TENCN FROM chucnang|SELECT idCN, TENCN FROM chucnang
1758697708988|0|statement|connection 2|url jdbc:p6spy:mysql://localhost:3306/chdidongg|SELECT 1 FROM phanquyen WHERE idQUYEN = ? AND idCN = ?|SELECT 1 FROM phanquyen WHERE idQUYEN = 1 AND idCN = 1
1758697708992|0|statement|connection 3|url jdbc:p6spy:mysql://localhost:3306/chdidongg|SELECT 1 FROM phanquyen WHERE idQUYEN = ? AND idCN = ?|SELECT 1 FROM phanquyen WHERE idQUYEN = 2 AND idCN = 1
1758697708995|0|statement|connection 4|url jdbc:p6spy:mysql://localhost:3306/chdidongg|SELECT 1 FROM phanquyen WHERE idQUYEN = ? AND idCN = ?|SELECT 1 FROM phanquyen WHERE idQUYEN = 3 AND idCN = 1
1758697708998|0|statement|connection 5|url jdbc:p6spy:mysql://localhost:3306/chdidongg|SELECT 1 FROM phanquyen WHERE idQUYEN = ? AND idCN = ?|SELECT 1 FROM phanquyen WHERE idQUYEN = 1 AND idCN = 2
1758697709001|0|statement|connection 6|url jdbc:p6spy:mysql://localhost:3306/chdidongg|SELECT 1 FROM phanquyen WHERE idQUYEN = ? AND idCN = ?|SELECT 1 FROM phanquyen WHERE idQUYEN = 2 AND idCN = 2
1758697709006|0|statement|connection 7|url jdbc:p6spy:mysql://localhost:3306/chdidongg|SELECT 1 FROM phanquyen WHERE idQUYEN = ? AND idCN = ?|SELECT 1 FROM phanquyen WHERE idQUYEN = 3 AND idCN = 2
1758697709009|0|statement|connection 8|url jdbc:p6spy:mysql://localhost:3306/chdidongg|SELECT 1 FROM phanquyen WHERE idQUYEN = ? AND idCN = ?|SELECT 1 FROM phanquyen WHERE idQUYEN = 1 AND idCN = 3
1758697709012|0|statement|connection 9|url jdbc:p6spy:mysql://localhost:3306/chdidongg|SELECT 1 FROM phanquyen WHERE idQUYEN = ? AND idCN = ?|SELECT 1 FROM phanquyen WHERE idQUYEN = 2 AND idCN = 3
1758697709015|0|statement|connection 10|url jdbc:p6spy:mysql://localhost:3306/chdidongg|SELECT 1 FROM phanquyen WHERE idQUYEN = ? AND idCN = ?|SELECT 1 FROM phanquyen WHERE idQUYEN = 3 AND idCN = 3
1758697709019|0|statement|connection 11|url jdbc:p6spy:mysql://localhost:3306/chdidongg|SELECT 1 FROM phanquyen WHERE idQUYEN = ? AND idCN = ?|SELECT 1 FROM phanquyen WHERE idQUYEN = 1 AND idCN = 4
1758697709022|0|statement|connection 12|url jdbc:p6spy:mysql://localhost:3306/chdidongg|SELECT 1 FROM phanquyen WHERE idQUYEN = ? AND idCN = ?|SELECT 1 FROM phanquyen WHERE idQUYEN = 2 AND idCN = 4
1758697709025|0|statement|connection 13|url jdbc:p6spy:mysql://localhost:3306/chdidongg|SELECT 1 FROM phanquyen WHERE idQUYEN = ? AND idCN = ?|SELECT 1 FROM phanquyen WHERE idQUYEN = 3 AND idCN = 4
1758697709027|0|statement|connection 14|url jdbc:p6spy:mysql://localhost:3306/chdidongg|SELECT 1 FROM phanquyen WHERE idQUYEN = ? AND idCN = ?|SELECT 1 FROM phanquyen WHERE idQUYEN = 1 AND idCN = 5
1758697709030|0|statement|connection 15|url jdbc:p6spy:mysql://localhost:3306/chdidongg|SELECT 1 FROM phanquyen WHERE idQUYEN = ? AND idCN = ?|SELECT 1 FROM phanquyen WHERE idQUYEN = 2 AND idCN = 5
1758697709034|0|statement|connection 16|url jdbc:p6spy:mysql://localhost:3306/chdidongg|SELECT 1 FROM phanquyen WHERE idQUYEN = ? AND idCN = ?|SELECT 1 FROM phanquyen WHERE idQUYEN = 3 AND idCN = 5
1758697709037|0|statement|connection 17|url jdbc:p6spy:mysql://localhost:3306/chdidongg|SELECT 1 FROM phanquyen WHERE idQUYEN = ? AND idCN = ?|SELECT 1 FROM phanquyen WHERE idQUYEN = 1 AND idCN = 6
1758697709039|0|statement|connection 18|url jdbc:p6spy:mysql://localhost:3306/chdidongg|SELECT 1 FROM phanquyen WHERE idQUYEN = ? AND idCN = ?|SELECT 1 FROM phanquyen WHERE idQUYEN = 2 AND idCN = 6
1758697709042|0|statement|connection 19|url jdbc:p6spy:mysql://localhost:3306/chdidongg|SELECT 1 FROM phanquyen WHERE idQUYEN = ? AND idCN = ?|SELECT 1 FROM phanquyen WHERE idQUYEN = 3 AND idCN = 6
1758697709044|0|statement|connection 20|url jdbc:p6spy:mysql://localhost:3306/chdidongg|SELECT 1 FROM phanquyen WHERE idQUYEN = ? AND idCN = ?|SELECT 1 FROM phanquyen WHERE idQUYEN = 1 AND idCN = 7
1758697709047|0|statement|connection 21|url jdbc:p6spy:mysql://localhost:3306/chdidongg|SELECT 1 FROM phanquyen WHERE idQUYEN = ? AND idCN = ?|SELECT 1 FROM phanquyen WHERE idQUYEN = 2 AND idCN = 7
1758697709049|0|statement|connection 22|url jdbc:p6spy:mysql://localhost:3306/chdidongg|SELECT 1 FROM phanquyen WHERE idQUYEN = ? AND idCN = ?|SELECT 1 FROM phanquyen WHERE idQUYEN = 3 AND idCN = 7
1758697709052|0|statement|connection 23|url jdbc:p6spy:mysql://localhost:3306/chdidongg|SELECT 1 FROM phanquyen WHERE idQUYEN = ? AND idCN = ?|SELECT 1 FROM phanquyen WHERE idQUYEN = 1 AND idCN = 8
1758697709055|0|statement|connection 24|url jdbc:p6spy:mysql://localhost:3306/chdidongg|SELECT 1 FROM phanquyen WHERE idQUYEN = ? AND idCN = ?|SELECT 1 FROM phanquyen WHERE idQUYEN = 2 AND idCN = 8
1758697709058|0|statement|connection 25|url jdbc:p6spy:mysql://localhost:3306/chdidongg|SELECT 1 FROM phanquyen WHERE idQUYEN = ? AND idCN = ?|SELECT 1 FROM phanquyen WHERE idQUYEN = 3 AND idCN = 8
1758697709061|0|statement|connection 26|url jdbc:p6spy:mysql://localhost:3306/chdidongg|SELECT 1 FROM phanquyen WHERE idQUYEN = ? AND idCN = ?|SELECT 1 FROM phanquyen WHERE idQUYEN = 1 AND idCN = 10
1758697709064|0|statement|connection 27|url jdbc:p6spy:mysql://localhost:3306/chdidongg|SELECT 1 FROM phanquyen WHERE idQUYEN = ? AND idCN = ?|SELECT 1 FROM phanquyen WHERE idQUYEN = 2 AND idCN = 10
1758697709067|0|statement|connection 28|url jdbc:p6spy:mysql://localhost:3306/chdidongg|SELECT 1 FROM phanquyen WHERE idQUYEN = ? AND idCN = ?|SELECT 1 FROM phanquyen WHERE idQUYEN = 3 AND idCN = 10
1758697709070|0|statement|connection 29|url jdbc:p6spy:mysql://localhost:3306/chdidongg|SELECT 1 FROM phanquyen WHERE idQUYEN = ? AND idCN = ?|SELECT 1 FROM phanquyen WHERE idQUYEN = 1 AND idCN = 11
1758697709073|0|statement|connection 30|url jdbc:p6spy:mysql://localhost:3306/chdidongg|SELECT 1 FROM phanquyen WHERE idQUYEN = ? AND idCN = ?|SELECT 1 FROM phanquyen WHERE idQUYEN = 2 AND idCN = 11
1758697709075|0|statement|connection 31|url jdbc:p6spy:mysql://localhost:3306/chdidongg|SELECT 1 FROM phanquyen WHERE idQUYEN = ? AND idCN = ?|SELECT 1 FROM phanquyen WHERE idQUYEN = 3 AND idCN = 11
1758697711287|0|statement|connection 32|url jdbc:p6spy:mysql://localhost:3306/chdidongg|SELECT 1 FROM phanquyen WHERE idQUYEN = ? AND idCN = ?|SELECT 1 FROM phanquyen WHERE idQUYEN = 1 AND idCN = 5
1758697711292|1|statement|connection 33|url jdbc:p6spy:mysql://localhost:3306/chdidongg|INSERT INTO phanquyen(idQUYEN, idCN) VALUES (?, ?)|INSERT INTO phanquyen(idQUYEN, idCN) VALUES (1, 5)
1758697712105|0|statement|connection 34|url jdbc:p6spy:mysql://localhost:3306/chdidongg|SELECT 1 FROM phanquyen WHERE idQUYEN = ? AND idCN = ?|SELECT 1 FROM phanquyen WHERE idQUYEN = 1 AND idCN = 6
1758697712110|2|statement|connection 35|url jdbc:p6spy:mysql://localhost:3306/chdidongg|INSERT INTO phanquyen(idQUYEN, idCN) VALUES (?, ?)|INSERT INTO phanquyen(idQUYEN, idCN) VALUES (1, 6)
1758697713042|0|statement|connection 36|url jdbc:p6spy:mysql://localhost:3306/chdidongg|SELECT 1 FROM phanquyen WHERE idQUYEN = ? AND idCN = ?|SELECT 1 FROM phanquyen WHERE idQUYEN = 1 AND idCN = 7
1758697713047|2|statement|connection 37|url jdbc:p6spy:mysql://localhost:3306/chdidongg|INSERT INTO phanquyen(idQUYEN, idCN) VALUES (?, ?)|INSERT INTO phanquyen(idQUYEN, idCN) VALUES (1, 7)
1758697713988|0|statement|connection 38|url jdbc:p6spy:mysql://localhost:3306/chdidongg|SELECT 1 FROM phanquyen WHERE idQUYEN = ? AND idCN = ?|SELECT 1 FROM phanquyen WHERE idQUYEN = 1 AND idCN = 8
1758697713993|2|statement|connection 39|url jdbc:p6spy:mysql://localhost:3306/chdidongg|INSERT INTO phanquyen(idQUYEN, idCN) VALUES (?, ?)|INSERT INTO phanquyen(idQUYEN, idCN) VALUES (1, 8)
1758697714887|0|statement|connection 40|url jdbc:p6spy:mysql://localhost:3306/chdidongg|SELECT 1 FROM phanquyen WHERE idQUYEN = ? AND idCN = ?|SELECT 1 FROM phanquyen WHERE idQUYEN = 1 AND idCN = 10
1758697714892|1|statement|connection 41|url jdbc:p6spy:mysql://localhost:3306/chdidongg|INSERT INTO phanquyen(idQUYEN, idCN) VALUES (?, ?)|INSERT INTO phanquyen(idQUYEN, idCN) VALUES (1, 10)
1758697715717|0|statement|connection 42|url jdbc:p6spy:mysql://localhost:3306/chdidongg|SELECT 1 FROM phanquyen WHERE idQUYEN = ? AND idCN = ?|SELECT 1 FROM phanquyen WHERE idQUYEN = 1 AND idCN = 11
1758697715721|1|statement|connection 43|url jdbc:p6spy:mysql://localhost:3306/chdidongg|INSERT INTO phanquyen(idQUYEN, idCN) VALUES (?, ?)|INSERT INTO phanquyen(idQUYEN, idCN) VALUES (1, 11)
1758697722371|29|statement|connection 0|url jdbc:p6spy:mysql://localhost:3306/chdidongg|SELECT idQUYEN, TENQUYEN FROM quyen|SELECT idQUYEN, TENQUYEN FROM quyen
1758697722382|0|statement|connection 1|url jdbc:p6spy:mysql://localhost:3306/chdidongg|SELECT idCN, TENCN FROM chucnang|SELECT idCN, TENCN FROM chucnang
1758697722386|0|statement|connection 2|url jdbc:p6spy:mysql://localhost:3306/chdidongg|SELECT 1 FROM phanquyen WHERE idQUYEN = ? AND idCN = ?|SELECT 1 FROM phanquyen WHERE idQUYEN = 1 AND idCN = 1
1758697722390|0|statement|connection 3|url jdbc:p6spy:mysql://localhost:3306/chdidongg|SELECT 1 FROM phanquyen WHERE idQUYEN = ? AND idCN = ?|SELECT 1 FROM phanquyen WHERE idQUYEN = 2 AND idCN = 1
1758697722393|0|statement|connection 4|url jdbc:p6spy:mysql://localhost:3306/chdidongg|SELECT 1 FROM phanquyen WHERE idQUYEN = ? AND idCN = ?|SELECT 1 FROM phanquyen WHERE idQUYEN = 3 AND idCN = 1
1758697722397|0|statement|connection 5|url jdbc:p6spy:mysql://localhost:3306/chdidongg|SELECT 1 FROM phanquyen WHERE idQUYEN = ? AND idCN = ?|SELECT 1 FROM phanquyen WHERE idQUYEN = 1 AND idCN = 2
1758697722400|0|statement|connection 6|url jdbc:p6spy:mysql://localhost:3306/chdidongg|SELECT 1 FROM phanquyen WHERE idQUYEN = ? AND idCN = ?|SELECT 1 FROM phanquyen WHERE idQUYEN = 2 AND idCN = 2
1758697722404|0|statement|connection 7|url jdbc:p6spy:mysql://localhost:3306/chdidongg|SELECT 1 FROM phanquyen WHERE idQUYEN = ? AND idCN = ?|SELECT 1 FROM phanquyen WHERE idQUYEN = 3 AND idCN = 2
1758697722407|0|statement|connection 8|url jdbc:p6spy:mysql://localhost:3306/chdidongg|SELECT 1 FROM phanquyen WHERE idQUYEN = ? AND idCN = ?|SELECT 1 FROM phanquyen WHERE idQUYEN = 1 AND idCN = 3
1758697722410|0|statement|connection 9|url jdbc:p6spy:mysql://localhost:3306/chdidongg|SELECT 1 FROM phanquyen WHERE idQUYEN = ? AND idCN = ?|SELECT 1 FROM phanquyen WHERE idQUYEN = 2 AND idCN = 3
1758697722414|0|statement|connection 10|url jdbc:p6spy:mysql://localhost:3306/chdidongg|SELECT 1 FROM phanquyen WHERE idQUYEN = ? AND idCN = ?|SELECT 1 FROM phanquyen WHERE idQUYEN = 3 AND idCN = 3
1758697722417|0|statement|connection 11|url jdbc:p6spy:mysql://localhost:3306/chdidongg|SELECT 1 FROM phanquyen WHERE idQUYEN = ? AND idCN = ?|SELECT 1 FROM phanquyen WHERE idQUYEN = 1 AND idCN = 4
1758697722420|0|statement|connection 12|url jdbc:p6spy:mysql://localhost:3306/chdidongg|SELECT 1 FROM phanquyen WHERE idQUYEN = ? AND idCN = ?|SELECT 1 FROM phanquyen WHERE idQUYEN = 2 AND idCN = 4
1758697722423|0|statement|connection 13|url jdbc:p6spy:mysql://localhost:3306/chdidongg|SELECT 1 FROM phanquyen WHERE idQUYEN = ? AND idCN = ?|SELECT 1 FROM phanquyen WHERE idQUYEN = 3 AND idCN = 4
1758697722426|0|statement|connection 14|url jdbc:p6spy:mysql://localhost:3306/chdidongg|SELECT 1 FROM phanquyen WHERE idQUYEN = ? AND idCN = ?|SELECT 1 FROM phanquyen WHERE idQUYEN = 1 AND idCN = 5
1758697722430|0|statement|connection 15|url jdbc:p6spy:mysql://localhost:3306/chdidongg|SELECT 1 FROM phanquyen WHERE idQUYEN = ? AND idCN = ?|SELECT 1 FROM phanquyen WHERE idQUYEN = 2 AND idCN = 5
1758697722433|0|statement|connection 16|url jdbc:p6spy:mysql://localhost:3306/chdidongg|SELECT 1 FROM phanquyen WHERE idQUYEN = ? AND idCN = ?|SELECT 1 FROM phanquyen WHERE idQUYEN = 3 AND idCN = 5
1758697722436|0|statement|connection 17|url jdbc:p6spy:mysql://localhost:3306/chdidongg|SELECT 1 FROM phanquyen WHERE idQUYEN = ? AND idCN = ?|SELECT 1 FROM phanquyen WHERE idQUYEN = 1 AND idCN = 6
1758697722439|0|statement|connection 18|url jdbc:p6spy:mysql://localhost:3306/chdidongg|SELECT 1 FROM phanquyen WHERE idQUYEN = ? AND idCN = ?|SELECT 1 FROM phanquyen WHERE idQUYEN = 2 AND idCN = 6
1758697722443|0|statement|connection 19|url jdbc:p6spy:mysql://localhost:3306/chdidongg|SELECT 1 FROM phanquyen WHERE idQUYEN = ? AND idCN = ?|SELECT 1 FROM phanquyen WHERE idQUYEN = 3 AND idCN = 6
1758697722445|0|statement|connection 20|url jdbc:p6spy:mysql://localhost:3306/chdidongg|SELECT 1 FROM phanquyen WHERE idQUYEN = ? AND idCN = ?|SELECT 1 FROM phanquyen WHERE idQUYEN = 1 AND idCN = 7
1758697722448|0|statement|connection 21|url jdbc:p6spy:mysql://localhost:3306/chdidongg|SELECT 1 FROM phanquyen WHERE idQUYEN = ? AND idCN = ?|SELECT 1 FROM phanquyen WHERE idQUYEN = 2 AND idCN = 7
1758697722451|0|statement|connection 22|url jdbc:p6spy:mysql://localhost:3306/chdidongg|SELECT 1 FROM phanquyen WHERE idQUYEN = ? AND idCN = ?|SELECT 1 FROM phanquyen WHERE idQUYEN = 3 AND idCN = 7
1758697722453|0|statement|connection 23|url jdbc:p6spy:mysql://localhost:3306/chdidongg|SELECT 1 FROM phanquyen WHERE idQUYEN = ? AND idCN = ?|SELECT 1 FROM phanquyen WHERE idQUYEN = 1 AND idCN = 8
1758697722456|0|statement|connection 24|url jdbc:p6spy:mysql://localhost:3306/chdidongg|SELECT 1 FROM phanquyen WHERE idQUYEN = ? AND idCN = ?|SELECT 1 FROM phanquyen WHERE idQUYEN = 2 AND idCN = 8
1758697722459|0|statement|connection 25|url jdbc:p6spy:mysql://localhost:3306/chdidongg|SELECT 1 FROM phanquyen WHERE idQUYEN = ? AND idCN = ?|SELECT 1 FROM phanquyen WHERE idQUYEN = 3 AND idCN = 8
1758697722462|0|statement|connection 26|url jdbc:p6spy:mysql://localhost:3306/chdidongg|SELECT 1 FROM phanquyen WHERE idQUYEN = ? AND idCN = ?|SELECT 1 FROM phanquyen WHERE idQUYEN = 1 AND idCN = 10
1758697722465|0|statement|connection 27|url jdbc:p6spy:mysql://localhost:3306/chdidongg|SELECT 1 FROM phanquyen WHERE idQUYEN = ? AND idCN = ?|SELECT 1 FROM phanquyen WHERE idQUYEN = 2 AND idCN = 10
1758697722468|0|statement|connection 28|url jdbc:p6spy:mysql://localhost:3306/chdidongg|SELECT 1 FROM phanquyen WHERE idQUYEN = ? AND idCN = ?|SELECT 1 FROM phanquyen WHERE idQUYEN = 3 AND idCN = 10
1758697722470|0|statement|connection 29|url jdbc:p6spy:mysql://localhost:3306/chdidongg|SELECT 1 FROM phanquyen WHERE idQUYEN = ? AND idCN = ?|SELECT 1 FROM phanquyen WHERE idQUYEN = 1 AND idCN = 11
1758697722473|0|statement|connection 30|url jdbc:p6spy:mysql://localhost:3306/chdidongg|SELECT 1 FROM phanquyen WHERE idQUYEN = ? AND idCN = ?|SELECT 1 FROM phanquyen WHERE idQUYEN = 2 AND idCN = 11
1758697722475|0|statement|connection 31|url jdbc:p6spy:mysql://localhost:3306/chdidongg|SELECT 1 FROM phanquyen WHERE idQUYEN = ? AND idCN = ?|SELECT 1 FROM phanquyen WHERE idQUYEN = 3 AND idCN = 11
1758699727563|28|statement|connection 0|url jdbc:p6spy:mysql://localhost:3306/chdidongg|SELECT idQUYEN, TENQUYEN FROM quyen|SELECT idQUYEN, TENQUYEN FROM quyen
1758699727573|0|statement|connection 1|url jdbc:p6spy:mysql://localhost:3306/chdidongg|SELECT idCN, TENCN FROM chucnang|SELECT idCN, TENCN FROM chucnang
1758699727579|0|statement|connection 2|url jdbc:p6spy:mysql://localhost:3306/chdidongg|SELECT 1 FROM phanquyen WHERE idQUYEN = ? AND idCN = ?|SELECT 1 FROM phanquyen WHERE idQUYEN = 1 AND idCN = 1
1758699727582|0|statement|connection 3|url jdbc:p6spy:mysql://localhost:3306/chdidongg|SELECT 1 FROM phanquyen WHERE idQUYEN = ? AND idCN = ?|SELECT 1 FROM phanquyen WHERE idQUYEN = 2 AND idCN = 1
1758699727585|0|statement|connection 4|url jdbc:p6spy:mysql://localhost:3306/chdidongg|SELECT 1 FROM phanquyen WHERE idQUYEN = ? AND idCN = ?|SELECT 1 FROM phanquyen WHERE idQUYEN = 3 AND idCN = 1
1758699727588|0|statement|connection 5|url jdbc:p6spy:mysql://localhost:3306/chdidongg|SELECT 1 FROM phanquyen WHERE idQUYEN = ? AND idCN = ?|SELECT 1 FROM phanquyen WHERE idQUYEN = 1 AND idCN = 2
1758699727591|0|statement|connection 6|url jdbc:p6spy:mysql://localhost:3306/chdidongg|SELECT 1 FROM phanquyen WHERE idQUYEN = ? AND idCN = ?|SELECT 1 FROM phanquyen WHERE idQUYEN = 2 AND idCN = 2
1758699727595|0|statement|connection 7|url jdbc:p6spy:mysql://localhost:3306/chdidongg|SELECT 1 FROM phanquyen WHERE idQUYEN = ? AND idCN = ?|SELECT 1 FROM phanquyen WHERE idQUYEN = 3 AND idCN = 2
1758699727599|0|statement|connection 8|url jdbc:p6spy:mysql://localhost:3306/chdidongg|SELECT 1 FROM phanquyen WHERE idQUYEN = ? AND idCN = ?|SELECT 1 FROM phanquyen WHERE idQUYEN = 1 AND idCN = 3
1758699727602|0|statement|connection 9|url jdbc:p6spy:mysql://localhost:3306/chdidongg|SELECT 1 FROM phanquyen WHERE idQUYEN = ? AND idCN = ?|SELECT 1 FROM phanquyen WHERE idQUYEN = 2 AND idCN = 3
1758699727605|0|statement|connection 10|url jdbc:p6spy:mysql://localhost:3306/chdidongg|SELECT 1 FROM phanquyen WHERE idQUYEN = ? AND idCN = ?|SELECT 1 FROM phanquyen WHERE idQUYEN = 3 AND idCN = 3
1758699727609|0|statement|connection 11|url jdbc:p6spy:mysql://localhost:3306/chdidongg|SELECT 1 FROM phanquyen WHERE idQUYEN = ? AND idCN = ?|SELECT 1 FROM phanquyen WHERE idQUYEN = 1 AND idCN = 4
1758699727612|0|statement|connection 12|url jdbc:p6spy:mysql://localhost:3306/chdidongg|SELECT 1 FROM phanquyen WHERE idQUYEN = ? AND idCN = ?|SELECT 1 FROM phanquyen WHERE idQUYEN = 2 AND idCN = 4
1758699727615|0|statement|connection 13|url jdbc:p6spy:mysql://localhost:3306/chdidongg|SELECT 1 FROM phanquyen WHERE idQUYEN = ? AND idCN = ?|SELECT 1 FROM phanquyen WHERE idQUYEN = 3 AND idCN = 4
1758699727618|0|statement|connection 14|url jdbc:p6spy:mysql://localhost:3306/chdidongg|SELECT 1 FROM phanquyen WHERE idQUYEN = ? AND idCN = ?|SELECT 1 FROM phanquyen WHERE idQUYEN = 1 AND idCN = 5
1758699727622|0|statement|connection 15|url jdbc:p6spy:mysql://localhost:3306/chdidongg|SELECT 1 FROM phanquyen WHERE idQUYEN = ? AND idCN = ?|SELECT 1 FROM phanquyen WHERE idQUYEN = 2 AND idCN = 5
1758699727624|0|statement|connection 16|url jdbc:p6spy:mysql://localhost:3306/chdidongg|SELECT 1 FROM phanquyen WHERE idQUYEN = ? AND idCN = ?|SELECT 1 FROM phanquyen WHERE idQUYEN = 3 AND idCN = 5
1758699727627|0|statement|connection 17|url jdbc:p6spy:mysql://localhost:3306/chdidongg|SELECT 1 FROM phanquyen WHERE idQUYEN = ? AND idCN = ?|SELECT 1 FROM phanquyen WHERE idQUYEN = 1 AND idCN = 6
1758699727630|0|statement|connection 18|url jdbc:p6spy:mysql://localhost:3306/chdidongg|SELECT 1 FROM phanquyen WHERE idQUYEN = ? AND idCN = ?|SELECT 1 FROM phanquyen WHERE idQUYEN = 2 AND idCN = 6
1758699727633|0|statement|connection 19|url jdbc:p6spy:mysql://localhost:3306/chdidongg|SELECT 1 FROM phanquyen WHERE idQUYEN = ? AND idCN = ?|SELECT 1 FROM phanquyen WHERE idQUYEN = 3 AND idCN = 6
1758699727636|0|statement|connection 20|url jdbc:p6spy:mysql://localhost:3306/chdidongg|SELECT 1 FROM phanquyen WHERE idQUYEN = ? AND idCN = ?|SELECT 1 FROM phanquyen WHERE idQUYEN = 1 AND idCN = 7
1758699727638|0|statement|connection 21|url jdbc:p6spy:mysql://localhost:3306/chdidongg|SELECT 1 FROM phanquyen WHERE idQUYEN = ? AND idCN = ?|SELECT 1 FROM phanquyen WHERE idQUYEN = 2 AND idCN = 7
1758699727641|0|statement|connection 22|url jdbc:p6spy:mysql://localhost:3306/chdidongg|SELECT 1 FROM phanquyen WHERE idQUYEN = ? AND idCN = ?|SELECT 1 FROM phanquyen WHERE idQUYEN = 3 AND idCN = 7
1758699727643|0|statement|connection 23|url jdbc:p6spy:mysql://localhost:3306/chdidongg|SELECT 1 FROM phanquyen WHERE idQUYEN = ? AND idCN = ?|SELECT 1 FROM phanquyen WHERE idQUYEN = 1 AND idCN = 8
1758699727647|0|statement|connection 24|url jdbc:p6spy:mysql://localhost:3306/chdidongg|SELECT 1 FROM phanquyen WHERE idQUYEN = ? AND idCN = ?|SELECT 1 FROM phanquyen WHERE idQUYEN = 2 AND idCN = 8
1758699727650|0|statement|connection 25|url jdbc:p6spy:mysql://localhost:3306/chdidongg|SELECT 1 FROM phanquyen WHERE idQUYEN = ? AND idCN = ?|SELECT 1 FROM phanquyen WHERE idQUYEN = 3 AND idCN = 8
1758699727652|0|statement|connection 26|url jdbc:p6spy:mysql://localhost:3306/chdidongg|SELECT 1 FROM phanquyen WHERE idQUYEN = ? AND idCN = ?|SELECT 1 FROM phanquyen WHERE idQUYEN = 1 AND idCN = 10
1758699727655|0|statement|connection 27|url jdbc:p6spy:mysql://localhost:3306/chdidongg|SELECT 1 FROM phanquyen WHERE idQUYEN = ? AND idCN = ?|SELECT 1 FROM phanquyen WHERE idQUYEN = 2 AND idCN = 10
1758699727658|0|statement|connection 28|url jdbc:p6spy:mysql://localhost:3306/chdidongg|SELECT 1 FROM phanquyen WHERE idQUYEN = ? AND idCN = ?|SELECT 1 FROM phanquyen WHERE idQUYEN = 3 AND idCN = 10
1758699727660|0|statement|connection 29|url jdbc:p6spy:mysql://localhost:3306/chdidongg|SELECT 1 FROM phanquyen WHERE idQUYEN = ? AND idCN = ?|SELECT 1 FROM phanquyen WHERE idQUYEN = 1 AND idCN = 11
1758699727663|0|statement|connection 30|url jdbc:p6spy:mysql://localhost:3306/chdidongg|SELECT 1 FROM phanquyen WHERE idQUYEN = ? AND idCN = ?|SELECT 1 FROM phanquyen WHERE idQUYEN = 2 AND idCN = 11
1758699727666|0|statement|connection 31|url jdbc:p6spy:mysql://localhost:3306/chdidongg|SELECT 1 FROM phanquyen WHERE idQUYEN = ? AND idCN = ?|SELECT 1 FROM phanquyen WHERE idQUYEN = 3 AND idCN = 11
1758699731829|0|statement|connection 32|url jdbc:p6spy:mysql://localhost:3306/chdidongg|SELECT 1 FROM phanquyen WHERE idQUYEN = ? AND idCN = ?|SELECT 1 FROM phanquyen WHERE idQUYEN = 2 AND idCN = 1
1758699731833|2|statement|connection 33|url jdbc:p6spy:mysql://localhost:3306/chdidongg|INSERT INTO phanquyen(idQUYEN, idCN) VALUES (?, ?)|INSERT INTO phanquyen(idQUYEN, idCN) VALUES (2, 1)
1758699733136|0|statement|connection 34|url jdbc:p6spy:mysql://localhost:3306/chdidongg|SELECT 1 FROM phanquyen WHERE idQUYEN = ? AND idCN = ?|SELECT 1 FROM phanquyen WHERE idQUYEN = 2 AND idCN = 11
1758699733141|2|statement|connection 35|url jdbc:p6spy:mysql://localhost:3306/chdidongg|INSERT INTO phanquyen(idQUYEN, idCN) VALUES (?, ?)|INSERT INTO phanquyen(idQUYEN, idCN) VALUES (2, 11)
